{"/Users/junedalam/local-proj/Angular-Practice/src/app/core/store/well.actions.ts": {"path":"/Users/junedalam/local-proj/Angular-Practice/src/app/core/store/well.actions.ts","statementMap":{"0":{"start":{"line":5,"column":13},"end":{"line":10,"column":11}},"1":{"start":{"line":13,"column":13},"end":{"line":19,"column":11}}},"fnMap":{},"branchMap":{},"s":{"0":11,"1":11},"f":{},"b":{}}
,"/Users/junedalam/local-proj/Angular-Practice/src/app/core/store/well.selectors.ts": {"path":"/Users/junedalam/local-proj/Angular-Practice/src/app/core/store/well.selectors.ts","statementMap":{"0":{"start":{"line":16,"column":0},"end":{"line":16,"column":16}},"1":{"start":{"line":25,"column":0},"end":{"line":25,"column":16}},"2":{"start":{"line":29,"column":0},"end":{"line":29,"column":16}},"3":{"start":{"line":33,"column":0},"end":{"line":33,"column":16}},"4":{"start":{"line":37,"column":0},"end":{"line":37,"column":16}},"5":{"start":{"line":43,"column":0},"end":{"line":43,"column":16}},"6":{"start":{"line":47,"column":0},"end":{"line":47,"column":16}},"7":{"start":{"line":65,"column":0},"end":{"line":65,"column":16}},"8":{"start":{"line":88,"column":0},"end":{"line":88,"column":16}},"9":{"start":{"line":96,"column":0},"end":{"line":96,"column":16}},"10":{"start":{"line":113,"column":0},"end":{"line":113,"column":16}},"11":{"start":{"line":123,"column":0},"end":{"line":123,"column":16}},"12":{"start":{"line":7,"column":0},"end":{"line":7,"column":72}},"13":{"start":{"line":13,"column":13},"end":{"line":13,"column":27}},"14":{"start":{"line":14,"column":13},"end":{"line":14,"column":34}},"15":{"start":{"line":17,"column":17},"end":{"line":17,"column":34}},"16":{"start":{"line":18,"column":4},"end":{"line":22,"column":7}},"17":{"start":{"line":19,"column":8},"end":{"line":19,"column":47}},"18":{"start":{"line":19,"column":34},"end":{"line":19,"column":47}},"19":{"start":{"line":20,"column":8},"end":{"line":20,"column":29}},"20":{"start":{"line":21,"column":8},"end":{"line":21,"column":20}},"21":{"start":{"line":26,"column":4},"end":{"line":26,"column":48}},"22":{"start":{"line":30,"column":4},"end":{"line":30,"column":72}},"23":{"start":{"line":34,"column":4},"end":{"line":34,"column":20}},"24":{"start":{"line":38,"column":4},"end":{"line":38,"column":50}},"25":{"start":{"line":44,"column":4},"end":{"line":44,"column":56}},"26":{"start":{"line":48,"column":4},"end":{"line":48,"column":24}},"27":{"start":{"line":48,"column":12},"end":{"line":48,"column":24}},"28":{"start":{"line":49,"column":4},"end":{"line":62,"column":6}},"29":{"start":{"line":53,"column":69},"end":{"line":53,"column":100}},"30":{"start":{"line":58,"column":59},"end":{"line":61,"column":10}},"31":{"start":{"line":66,"column":4},"end":{"line":66,"column":24}},"32":{"start":{"line":66,"column":12},"end":{"line":66,"column":24}},"33":{"start":{"line":67,"column":16},"end":{"line":67,"column":35}},"34":{"start":{"line":68,"column":19},"end":{"line":68,"column":40}},"35":{"start":{"line":69,"column":4},"end":{"line":85,"column":6}},"36":{"start":{"line":89,"column":4},"end":{"line":93,"column":8}},"37":{"start":{"line":89,"column":64},"end":{"line":93,"column":6}},"38":{"start":{"line":97,"column":4},"end":{"line":97,"column":22}},"39":{"start":{"line":97,"column":12},"end":{"line":97,"column":22}},"40":{"start":{"line":98,"column":4},"end":{"line":110,"column":7}},"41":{"start":{"line":99,"column":21},"end":{"line":99,"column":99}},"42":{"start":{"line":99,"column":65},"end":{"line":99,"column":98}},"43":{"start":{"line":100,"column":8},"end":{"line":109,"column":10}},"44":{"start":{"line":114,"column":4},"end":{"line":114,"column":24}},"45":{"start":{"line":114,"column":12},"end":{"line":114,"column":24}},"46":{"start":{"line":115,"column":37},"end":{"line":115,"column":62}},"47":{"start":{"line":116,"column":4},"end":{"line":120,"column":6}},"48":{"start":{"line":124,"column":4},"end":{"line":124,"column":22}},"49":{"start":{"line":124,"column":12},"end":{"line":124,"column":22}},"50":{"start":{"line":125,"column":4},"end":{"line":135,"column":8}},"51":{"start":{"line":125,"column":55},"end":{"line":135,"column":6}}},"fnMap":{"0":{"name":"uniqueByWellName","decl":{"start":{"line":16,"column":16},"end":{"line":16,"column":32}},"loc":{"start":{"line":16,"column":50},"end":{"line":23,"column":1}}},"1":{"name":"(anonymous_1)","decl":{"start":{"line":18,"column":24},"end":{"line":18,"column":25}},"loc":{"start":{"line":18,"column":28},"end":{"line":22,"column":5}}},"2":{"name":"selectTotalPages","decl":{"start":{"line":25,"column":16},"end":{"line":25,"column":32}},"loc":{"start":{"line":25,"column":51},"end":{"line":27,"column":1}}},"3":{"name":"selectPagedWellNames","decl":{"start":{"line":29,"column":16},"end":{"line":29,"column":36}},"loc":{"start":{"line":29,"column":69},"end":{"line":31,"column":1}}},"4":{"name":"selectHasPrevPage","decl":{"start":{"line":33,"column":16},"end":{"line":33,"column":33}},"loc":{"start":{"line":33,"column":46},"end":{"line":35,"column":1}}},"5":{"name":"selectHasNextPage","decl":{"start":{"line":37,"column":16},"end":{"line":37,"column":33}},"loc":{"start":{"line":37,"column":66},"end":{"line":39,"column":1}}},"6":{"name":"selectTotalDepth","decl":{"start":{"line":43,"column":16},"end":{"line":43,"column":32}},"loc":{"start":{"line":43,"column":52},"end":{"line":45,"column":1}}},"7":{"name":"selectDiagramData","decl":{"start":{"line":47,"column":16},"end":{"line":47,"column":33}},"loc":{"start":{"line":47,"column":53},"end":{"line":63,"column":1}}},"8":{"name":"(anonymous_8)","decl":{"start":{"line":53,"column":59},"end":{"line":53,"column":60}},"loc":{"start":{"line":53,"column":69},"end":{"line":53,"column":100}}},"9":{"name":"(anonymous_9)","decl":{"start":{"line":58,"column":53},"end":{"line":58,"column":54}},"loc":{"start":{"line":58,"column":59},"end":{"line":61,"column":10}}},"10":{"name":"selectMiscWellData","decl":{"start":{"line":65,"column":16},"end":{"line":65,"column":34}},"loc":{"start":{"line":65,"column":54},"end":{"line":86,"column":1}}},"11":{"name":"selectPickedFormations","decl":{"start":{"line":88,"column":16},"end":{"line":88,"column":38}},"loc":{"start":{"line":88,"column":58},"end":{"line":94,"column":1}}},"12":{"name":"(anonymous_12)","decl":{"start":{"line":89,"column":39},"end":{"line":89,"column":40}},"loc":{"start":{"line":89,"column":64},"end":{"line":93,"column":6}}},"13":{"name":"selectOffsetWells","decl":{"start":{"line":96,"column":16},"end":{"line":96,"column":33}},"loc":{"start":{"line":96,"column":53},"end":{"line":111,"column":1}}},"14":{"name":"(anonymous_14)","decl":{"start":{"line":98,"column":43},"end":{"line":98,"column":45}},"loc":{"start":{"line":98,"column":48},"end":{"line":110,"column":5}}},"15":{"name":"(anonymous_15)","decl":{"start":{"line":99,"column":60},"end":{"line":99,"column":61}},"loc":{"start":{"line":99,"column":65},"end":{"line":99,"column":98}}},"16":{"name":"selectWellLogsIndicators","decl":{"start":{"line":113,"column":16},"end":{"line":113,"column":40}},"loc":{"start":{"line":113,"column":60},"end":{"line":121,"column":1}}},"17":{"name":"selectWellTestResults","decl":{"start":{"line":123,"column":16},"end":{"line":123,"column":37}},"loc":{"start":{"line":123,"column":57},"end":{"line":136,"column":1}}},"18":{"name":"(anonymous_18)","decl":{"start":{"line":125,"column":49},"end":{"line":125,"column":50}},"loc":{"start":{"line":125,"column":55},"end":{"line":135,"column":6}}}},"branchMap":{"0":{"loc":{"start":{"line":19,"column":8},"end":{"line":19,"column":47}},"type":"if","locations":[{"start":{"line":19,"column":8},"end":{"line":19,"column":47}}]},"1":{"loc":{"start":{"line":44,"column":11},"end":{"line":44,"column":55}},"type":"binary-expr","locations":[{"start":{"line":44,"column":11},"end":{"line":44,"column":50}},{"start":{"line":44,"column":54},"end":{"line":44,"column":55}}]},"2":{"loc":{"start":{"line":48,"column":4},"end":{"line":48,"column":24}},"type":"if","locations":[{"start":{"line":48,"column":4},"end":{"line":48,"column":24}}]},"3":{"loc":{"start":{"line":50,"column":18},"end":{"line":50,"column":48}},"type":"binary-expr","locations":[{"start":{"line":50,"column":18},"end":{"line":50,"column":42}},{"start":{"line":50,"column":46},"end":{"line":50,"column":48}}]},"4":{"loc":{"start":{"line":51,"column":20},"end":{"line":51,"column":63}},"type":"binary-expr","locations":[{"start":{"line":51,"column":20},"end":{"line":51,"column":58}},{"start":{"line":51,"column":62},"end":{"line":51,"column":63}}]},"5":{"loc":{"start":{"line":52,"column":40},"end":{"line":52,"column":66}},"type":"binary-expr","locations":[{"start":{"line":52,"column":40},"end":{"line":52,"column":60}},{"start":{"line":52,"column":64},"end":{"line":52,"column":66}}]},"6":{"loc":{"start":{"line":53,"column":27},"end":{"line":53,"column":51}},"type":"binary-expr","locations":[{"start":{"line":53,"column":27},"end":{"line":53,"column":45}},{"start":{"line":53,"column":49},"end":{"line":53,"column":51}}]},"7":{"loc":{"start":{"line":54,"column":22},"end":{"line":54,"column":61}},"type":"binary-expr","locations":[{"start":{"line":54,"column":22},"end":{"line":54,"column":53}},{"start":{"line":54,"column":57},"end":{"line":54,"column":61}}]},"8":{"loc":{"start":{"line":55,"column":16},"end":{"line":55,"column":46}},"type":"binary-expr","locations":[{"start":{"line":55,"column":16},"end":{"line":55,"column":38}},{"start":{"line":55,"column":42},"end":{"line":55,"column":46}}]},"9":{"loc":{"start":{"line":56,"column":21},"end":{"line":56,"column":48}},"type":"binary-expr","locations":[{"start":{"line":56,"column":21},"end":{"line":56,"column":40}},{"start":{"line":56,"column":44},"end":{"line":56,"column":48}}]},"10":{"loc":{"start":{"line":57,"column":22},"end":{"line":57,"column":60}},"type":"binary-expr","locations":[{"start":{"line":57,"column":22},"end":{"line":57,"column":55}},{"start":{"line":57,"column":59},"end":{"line":57,"column":60}}]},"11":{"loc":{"start":{"line":58,"column":25},"end":{"line":58,"column":47}},"type":"binary-expr","locations":[{"start":{"line":58,"column":25},"end":{"line":58,"column":41}},{"start":{"line":58,"column":45},"end":{"line":58,"column":47}}]},"12":{"loc":{"start":{"line":66,"column":4},"end":{"line":66,"column":24}},"type":"if","locations":[{"start":{"line":66,"column":4},"end":{"line":66,"column":24}}]},"13":{"loc":{"start":{"line":70,"column":18},"end":{"line":70,"column":47}},"type":"binary-expr","locations":[{"start":{"line":70,"column":18},"end":{"line":70,"column":31}},{"start":{"line":70,"column":35},"end":{"line":70,"column":47}}]},"14":{"loc":{"start":{"line":71,"column":20},"end":{"line":71,"column":57}},"type":"binary-expr","locations":[{"start":{"line":71,"column":20},"end":{"line":71,"column":41}},{"start":{"line":71,"column":45},"end":{"line":71,"column":57}}]},"15":{"loc":{"start":{"line":72,"column":25},"end":{"line":72,"column":91}},"type":"binary-expr","locations":[{"start":{"line":72,"column":25},"end":{"line":72,"column":75}},{"start":{"line":72,"column":79},"end":{"line":72,"column":91}}]},"16":{"loc":{"start":{"line":74,"column":23},"end":{"line":74,"column":44}},"type":"binary-expr","locations":[{"start":{"line":74,"column":23},"end":{"line":74,"column":39}},{"start":{"line":74,"column":43},"end":{"line":74,"column":44}}]},"17":{"loc":{"start":{"line":75,"column":20},"end":{"line":75,"column":80}},"type":"binary-expr","locations":[{"start":{"line":75,"column":20},"end":{"line":75,"column":54}},{"start":{"line":75,"column":58},"end":{"line":75,"column":75}},{"start":{"line":75,"column":79},"end":{"line":75,"column":80}}]},"18":{"loc":{"start":{"line":76,"column":15},"end":{"line":76,"column":41}},"type":"binary-expr","locations":[{"start":{"line":76,"column":15},"end":{"line":76,"column":25}},{"start":{"line":76,"column":29},"end":{"line":76,"column":41}}]},"19":{"loc":{"start":{"line":77,"column":24},"end":{"line":77,"column":54}},"type":"binary-expr","locations":[{"start":{"line":77,"column":24},"end":{"line":77,"column":38}},{"start":{"line":77,"column":42},"end":{"line":77,"column":54}}]},"20":{"loc":{"start":{"line":78,"column":26},"end":{"line":78,"column":78}},"type":"binary-expr","locations":[{"start":{"line":78,"column":26},"end":{"line":78,"column":54}},{"start":{"line":78,"column":58},"end":{"line":78,"column":73}},{"start":{"line":78,"column":77},"end":{"line":78,"column":78}}]},"21":{"loc":{"start":{"line":80,"column":22},"end":{"line":80,"column":45}},"type":"binary-expr","locations":[{"start":{"line":80,"column":22},"end":{"line":80,"column":40}},{"start":{"line":80,"column":44},"end":{"line":80,"column":45}}]},"22":{"loc":{"start":{"line":81,"column":18},"end":{"line":81,"column":79}},"type":"binary-expr","locations":[{"start":{"line":81,"column":18},"end":{"line":81,"column":63}},{"start":{"line":81,"column":67},"end":{"line":81,"column":79}}]},"23":{"loc":{"start":{"line":82,"column":17},"end":{"line":82,"column":41}},"type":"binary-expr","locations":[{"start":{"line":82,"column":17},"end":{"line":82,"column":36}},{"start":{"line":82,"column":40},"end":{"line":82,"column":41}}]},"24":{"loc":{"start":{"line":83,"column":26},"end":{"line":83,"column":69}},"type":"binary-expr","locations":[{"start":{"line":83,"column":26},"end":{"line":83,"column":53}},{"start":{"line":83,"column":57},"end":{"line":83,"column":69}}]},"25":{"loc":{"start":{"line":84,"column":27},"end":{"line":84,"column":65}},"type":"binary-expr","locations":[{"start":{"line":84,"column":27},"end":{"line":84,"column":49}},{"start":{"line":84,"column":53},"end":{"line":84,"column":65}}]},"26":{"loc":{"start":{"line":89,"column":12},"end":{"line":89,"column":33}},"type":"binary-expr","locations":[{"start":{"line":89,"column":12},"end":{"line":89,"column":27}},{"start":{"line":89,"column":31},"end":{"line":89,"column":33}}]},"27":{"loc":{"start":{"line":90,"column":19},"end":{"line":90,"column":36}},"type":"binary-expr","locations":[{"start":{"line":90,"column":19},"end":{"line":90,"column":30}},{"start":{"line":90,"column":34},"end":{"line":90,"column":36}}]},"28":{"loc":{"start":{"line":91,"column":15},"end":{"line":91,"column":34}},"type":"binary-expr","locations":[{"start":{"line":91,"column":15},"end":{"line":91,"column":29}},{"start":{"line":91,"column":33},"end":{"line":91,"column":34}}]},"29":{"loc":{"start":{"line":92,"column":17},"end":{"line":92,"column":36}},"type":"binary-expr","locations":[{"start":{"line":92,"column":17},"end":{"line":92,"column":30}},{"start":{"line":92,"column":34},"end":{"line":92,"column":36}}]},"30":{"loc":{"start":{"line":97,"column":4},"end":{"line":97,"column":22}},"type":"if","locations":[{"start":{"line":97,"column":4},"end":{"line":97,"column":22}}]},"31":{"loc":{"start":{"line":98,"column":12},"end":{"line":98,"column":37}},"type":"binary-expr","locations":[{"start":{"line":98,"column":12},"end":{"line":98,"column":31}},{"start":{"line":98,"column":35},"end":{"line":98,"column":37}}]},"32":{"loc":{"start":{"line":99,"column":22},"end":{"line":99,"column":53}},"type":"binary-expr","locations":[{"start":{"line":99,"column":22},"end":{"line":99,"column":47}},{"start":{"line":99,"column":51},"end":{"line":99,"column":53}}]},"33":{"loc":{"start":{"line":102,"column":21},"end":{"line":102,"column":58}},"type":"binary-expr","locations":[{"start":{"line":102,"column":21},"end":{"line":102,"column":31}},{"start":{"line":102,"column":35},"end":{"line":102,"column":48}},{"start":{"line":102,"column":52},"end":{"line":102,"column":58}}]},"34":{"loc":{"start":{"line":103,"column":17},"end":{"line":103,"column":31}},"type":"binary-expr","locations":[{"start":{"line":103,"column":17},"end":{"line":103,"column":26}},{"start":{"line":103,"column":30},"end":{"line":103,"column":31}}]},"35":{"loc":{"start":{"line":104,"column":17},"end":{"line":104,"column":28}},"type":"binary-expr","locations":[{"start":{"line":104,"column":17},"end":{"line":104,"column":23}},{"start":{"line":104,"column":27},"end":{"line":104,"column":28}}]},"36":{"loc":{"start":{"line":105,"column":17},"end":{"line":105,"column":28}},"type":"binary-expr","locations":[{"start":{"line":105,"column":17},"end":{"line":105,"column":23}},{"start":{"line":105,"column":27},"end":{"line":105,"column":28}}]},"37":{"loc":{"start":{"line":106,"column":22},"end":{"line":106,"column":38}},"type":"binary-expr","locations":[{"start":{"line":106,"column":22},"end":{"line":106,"column":33}},{"start":{"line":106,"column":37},"end":{"line":106,"column":38}}]},"38":{"loc":{"start":{"line":107,"column":26},"end":{"line":107,"column":50}},"type":"binary-expr","locations":[{"start":{"line":107,"column":26},"end":{"line":107,"column":45}},{"start":{"line":107,"column":49},"end":{"line":107,"column":50}}]},"39":{"loc":{"start":{"line":108,"column":18},"end":{"line":108,"column":52}},"type":"binary-expr","locations":[{"start":{"line":108,"column":18},"end":{"line":108,"column":32}},{"start":{"line":108,"column":36},"end":{"line":108,"column":47}},{"start":{"line":108,"column":51},"end":{"line":108,"column":52}}]},"40":{"loc":{"start":{"line":114,"column":4},"end":{"line":114,"column":24}},"type":"if","locations":[{"start":{"line":114,"column":4},"end":{"line":114,"column":24}}]},"41":{"loc":{"start":{"line":124,"column":4},"end":{"line":124,"column":22}},"type":"if","locations":[{"start":{"line":124,"column":4},"end":{"line":124,"column":22}}]},"42":{"loc":{"start":{"line":125,"column":12},"end":{"line":125,"column":43}},"type":"binary-expr","locations":[{"start":{"line":125,"column":12},"end":{"line":125,"column":37}},{"start":{"line":125,"column":41},"end":{"line":125,"column":43}}]},"43":{"loc":{"start":{"line":126,"column":18},"end":{"line":126,"column":34}},"type":"binary-expr","locations":[{"start":{"line":126,"column":18},"end":{"line":126,"column":28}},{"start":{"line":126,"column":32},"end":{"line":126,"column":34}}]},"44":{"loc":{"start":{"line":127,"column":18},"end":{"line":127,"column":44}},"type":"binary-expr","locations":[{"start":{"line":127,"column":18},"end":{"line":127,"column":28}},{"start":{"line":127,"column":32},"end":{"line":127,"column":44}}]},"45":{"loc":{"start":{"line":128,"column":17},"end":{"line":128,"column":42}},"type":"binary-expr","locations":[{"start":{"line":128,"column":17},"end":{"line":128,"column":26}},{"start":{"line":128,"column":30},"end":{"line":128,"column":42}}]},"46":{"loc":{"start":{"line":129,"column":13},"end":{"line":129,"column":23}},"type":"binary-expr","locations":[{"start":{"line":129,"column":13},"end":{"line":129,"column":18}},{"start":{"line":129,"column":22},"end":{"line":129,"column":23}}]},"47":{"loc":{"start":{"line":130,"column":18},"end":{"line":130,"column":33}},"type":"binary-expr","locations":[{"start":{"line":130,"column":18},"end":{"line":130,"column":28}},{"start":{"line":130,"column":32},"end":{"line":130,"column":33}}]},"48":{"loc":{"start":{"line":131,"column":21},"end":{"line":131,"column":39}},"type":"binary-expr","locations":[{"start":{"line":131,"column":21},"end":{"line":131,"column":34}},{"start":{"line":131,"column":38},"end":{"line":131,"column":39}}]},"49":{"loc":{"start":{"line":132,"column":13},"end":{"line":132,"column":23}},"type":"binary-expr","locations":[{"start":{"line":132,"column":13},"end":{"line":132,"column":18}},{"start":{"line":132,"column":22},"end":{"line":132,"column":23}}]},"50":{"loc":{"start":{"line":133,"column":22},"end":{"line":133,"column":41}},"type":"binary-expr","locations":[{"start":{"line":133,"column":22},"end":{"line":133,"column":36}},{"start":{"line":133,"column":40},"end":{"line":133,"column":41}}]},"51":{"loc":{"start":{"line":134,"column":13},"end":{"line":134,"column":23}},"type":"binary-expr","locations":[{"start":{"line":134,"column":13},"end":{"line":134,"column":18}},{"start":{"line":134,"column":22},"end":{"line":134,"column":23}}]}},"s":{"0":11,"1":11,"2":11,"3":11,"4":11,"5":11,"6":11,"7":11,"8":11,"9":11,"10":11,"11":11,"12":11,"13":11,"14":11,"15":2,"16":2,"17":18,"18":1,"19":17,"20":17,"21":4,"22":2,"23":2,"24":2,"25":3,"26":2,"27":1,"28":1,"29":0,"30":0,"31":3,"32":1,"33":2,"34":2,"35":2,"36":1,"37":1,"38":1,"39":0,"40":1,"41":1,"42":1,"43":1,"44":1,"45":0,"46":1,"47":1,"48":1,"49":0,"50":1,"51":1},"f":{"0":2,"1":18,"2":4,"3":2,"4":2,"5":2,"6":3,"7":2,"8":0,"9":0,"10":3,"11":1,"12":1,"13":1,"14":1,"15":1,"16":1,"17":1,"18":1},"b":{"0":[1],"1":[3,2],"2":[1],"3":[1,0],"4":[1,0],"5":[1,1],"6":[1,1],"7":[1,1],"8":[1,0],"9":[1,1],"10":[1,0],"11":[1,1],"12":[1],"13":[2,1],"14":[2,1],"15":[2,1],"16":[2,1],"17":[2,2,1],"18":[2,1],"19":[2,1],"20":[2,2,1],"21":[2,1],"22":[2,2],"23":[2,1],"24":[2,2],"25":[2,1],"26":[1,0],"27":[1,0],"28":[1,0],"29":[1,0],"30":[0],"31":[1,0],"32":[1,0],"33":[1,1,1],"34":[1,1],"35":[1,1],"36":[1,1],"37":[1,1],"38":[1,0],"39":[1,0,0],"40":[0],"41":[0],"42":[1,0],"43":[1,1],"44":[1,0],"45":[1,1],"46":[1,1],"47":[1,0],"48":[1,1],"49":[1,1],"50":[1,1],"51":[1,1]}}
,"/Users/junedalam/local-proj/Angular-Practice/src/app/core/store/well.store.ts": {"path":"/Users/junedalam/local-proj/Angular-Practice/src/app/core/store/well.store.ts","statementMap":{"0":{"start":{"line":1,"column":0},"end":{"line":1,"column":49}},"1":{"start":{"line":2,"column":0},"end":{"line":2,"column":null}},"2":{"start":{"line":10,"column":0},"end":{"line":10,"column":54}},"3":{"start":{"line":11,"column":0},"end":{"line":11,"column":46}},"4":{"start":{"line":12,"column":0},"end":{"line":12,"column":56}},"5":{"start":{"line":19,"column":0},"end":{"line":19,"column":70}},"6":{"start":{"line":20,"column":0},"end":{"line":20,"column":80}},"7":{"start":{"line":21,"column":0},"end":{"line":21,"column":57}},"8":{"start":{"line":23,"column":0},"end":{"line":23,"column":9}},"9":{"start":{"line":258,"column":9},"end":{"line":23,"column":22}},"10":{"start":{"line":258,"column":22},"end":{"line":23,"column":57}},"11":{"start":{"line":24,"column":0},"end":{"line":24,"column":null}},"12":{"start":{"line":40,"column":25},"end":{"line":40,"column":29}},"13":{"start":{"line":42,"column":43},"end":{"line":47,"column":2}},"14":{"start":{"line":50,"column":20},"end":{"line":50,"column":62}},"15":{"start":{"line":50,"column":46},"end":{"line":50,"column":61}},"16":{"start":{"line":51,"column":18},"end":{"line":51,"column":106}},"17":{"start":{"line":51,"column":44},"end":{"line":51,"column":105}},"18":{"start":{"line":52,"column":4},"end":{"line":52,"column":109}},"19":{"start":{"line":52,"column":24},"end":{"line":52,"column":109}},"20":{"start":{"line":53,"column":4},"end":{"line":53,"column":103}},"21":{"start":{"line":53,"column":22},"end":{"line":53,"column":103}},"22":{"start":{"line":54,"column":4},"end":{"line":54,"column":110}},"23":{"start":{"line":54,"column":42},"end":{"line":54,"column":110}},"24":{"start":{"line":115,"column":32},"end":{"line":124,"column":2}},"25":{"start":{"line":126,"column":13},"end":{"line":256,"column":2}},"26":{"start":{"line":131,"column":23},"end":{"line":131,"column":68}},"27":{"start":{"line":131,"column":38},"end":{"line":131,"column":67}},"28":{"start":{"line":132,"column":8},"end":{"line":148,"column":10}},"29":{"start":{"line":134,"column":39},"end":{"line":134,"column":65}},"30":{"start":{"line":135,"column":43},"end":{"line":135,"column":90}},"31":{"start":{"line":136,"column":40},"end":{"line":136,"column":74}},"32":{"start":{"line":137,"column":40},"end":{"line":137,"column":84}},"33":{"start":{"line":138,"column":37},"end":{"line":138,"column":59}},"34":{"start":{"line":139,"column":39},"end":{"line":139,"column":70}},"35":{"start":{"line":140,"column":68},"end":{"line":140,"column":100}},"36":{"start":{"line":141,"column":62},"end":{"line":141,"column":95}},"37":{"start":{"line":142,"column":68},"end":{"line":142,"column":105}},"38":{"start":{"line":143,"column":60},"end":{"line":143,"column":92}},"39":{"start":{"line":144,"column":75},"end":{"line":144,"column":114}},"40":{"start":{"line":145,"column":62},"end":{"line":145,"column":98}},"41":{"start":{"line":146,"column":45},"end":{"line":146,"column":82}},"42":{"start":{"line":147,"column":45},"end":{"line":147,"column":80}},"43":{"start":{"line":157,"column":12},"end":{"line":157,"column":64}},"44":{"start":{"line":160,"column":27},"end":{"line":191,"column":null}},"45":{"start":{"line":163,"column":20},"end":{"line":168,"column":23}},"46":{"start":{"line":172,"column":20},"end":{"line":188,"column":null}},"47":{"start":{"line":175,"column":32},"end":{"line":175,"column":68}},"48":{"start":{"line":176,"column":32},"end":{"line":180,"column":35}},"49":{"start":{"line":183,"column":32},"end":{"line":186,"column":35}},"50":{"start":{"line":194,"column":30},"end":{"line":221,"column":null}},"51":{"start":{"line":197,"column":20},"end":{"line":197,"column":70}},"52":{"start":{"line":200,"column":20},"end":{"line":218,"column":null}},"53":{"start":{"line":203,"column":28},"end":{"line":203,"column":98}},"54":{"start":{"line":203,"column":46},"end":{"line":203,"column":96}},"55":{"start":{"line":207,"column":32},"end":{"line":207,"column":81}},"56":{"start":{"line":208,"column":32},"end":{"line":210,"column":33}},"57":{"start":{"line":209,"column":36},"end":{"line":209,"column":80}},"58":{"start":{"line":213,"column":32},"end":{"line":216,"column":35}},"59":{"start":{"line":224,"column":8},"end":{"line":249,"column":10}},"60":{"start":{"line":228,"column":16},"end":{"line":228,"column":58}},"61":{"start":{"line":230,"column":16},"end":{"line":232,"column":17}},"62":{"start":{"line":231,"column":20},"end":{"line":231,"column":74}},"63":{"start":{"line":235,"column":16},"end":{"line":235,"column":64}},"64":{"start":{"line":238,"column":28},"end":{"line":238,"column":53}},"65":{"start":{"line":239,"column":16},"end":{"line":239,"column":58}},"66":{"start":{"line":240,"column":30},"end":{"line":240,"column":46}},"67":{"start":{"line":241,"column":16},"end":{"line":241,"column":92}},"68":{"start":{"line":241,"column":27},"end":{"line":241,"column":92}},"69":{"start":{"line":244,"column":28},"end":{"line":244,"column":66}},"70":{"start":{"line":245,"column":16},"end":{"line":245,"column":58}},"71":{"start":{"line":246,"column":30},"end":{"line":246,"column":46}},"72":{"start":{"line":247,"column":16},"end":{"line":247,"column":92}},"73":{"start":{"line":247,"column":27},"end":{"line":247,"column":92}}},"fnMap":{"0":{"name":"(anonymous_0)","decl":{"start":{"line":258,"column":9},"end":{"line":258,"column":20}},"loc":{"start":{"line":258,"column":9},"end":{"line":23,"column":22}}},"1":{"name":"(anonymous_1)","decl":{"start":{"line":258,"column":22},"end":{"line":258,"column":32}},"loc":{"start":{"line":258,"column":22},"end":{"line":23,"column":57}}},"2":{"name":"logMissingKeys","decl":{"start":{"line":49,"column":9},"end":{"line":49,"column":23}},"loc":{"start":{"line":49,"column":55},"end":{"line":55,"column":1}}},"3":{"name":"(anonymous_3)","decl":{"start":{"line":50,"column":41},"end":{"line":50,"column":42}},"loc":{"start":{"line":50,"column":46},"end":{"line":50,"column":61}}},"4":{"name":"(anonymous_4)","decl":{"start":{"line":51,"column":39},"end":{"line":51,"column":40}},"loc":{"start":{"line":51,"column":44},"end":{"line":51,"column":105}}},"5":{"name":"(anonymous_5)","decl":{"start":{"line":130,"column":17},"end":{"line":130,"column":18}},"loc":{"start":{"line":130,"column":72},"end":{"line":149,"column":5}}},"6":{"name":"(anonymous_6)","decl":{"start":{"line":131,"column":32},"end":{"line":131,"column":35}},"loc":{"start":{"line":131,"column":38},"end":{"line":131,"column":67}}},"7":{"name":"(anonymous_7)","decl":{"start":{"line":134,"column":33},"end":{"line":134,"column":36}},"loc":{"start":{"line":134,"column":39},"end":{"line":134,"column":65}}},"8":{"name":"(anonymous_8)","decl":{"start":{"line":135,"column":37},"end":{"line":135,"column":40}},"loc":{"start":{"line":135,"column":43},"end":{"line":135,"column":90}}},"9":{"name":"(anonymous_9)","decl":{"start":{"line":136,"column":34},"end":{"line":136,"column":37}},"loc":{"start":{"line":136,"column":40},"end":{"line":136,"column":74}}},"10":{"name":"(anonymous_10)","decl":{"start":{"line":137,"column":34},"end":{"line":137,"column":37}},"loc":{"start":{"line":137,"column":40},"end":{"line":137,"column":84}}},"11":{"name":"(anonymous_11)","decl":{"start":{"line":138,"column":31},"end":{"line":138,"column":34}},"loc":{"start":{"line":138,"column":37},"end":{"line":138,"column":59}}},"12":{"name":"(anonymous_12)","decl":{"start":{"line":139,"column":33},"end":{"line":139,"column":36}},"loc":{"start":{"line":139,"column":39},"end":{"line":139,"column":70}}},"13":{"name":"(anonymous_13)","decl":{"start":{"line":140,"column":34},"end":{"line":140,"column":65}},"loc":{"start":{"line":140,"column":68},"end":{"line":140,"column":100}}},"14":{"name":"(anonymous_14)","decl":{"start":{"line":141,"column":35},"end":{"line":141,"column":59}},"loc":{"start":{"line":141,"column":62},"end":{"line":141,"column":95}}},"15":{"name":"(anonymous_15)","decl":{"start":{"line":142,"column":39},"end":{"line":142,"column":65}},"loc":{"start":{"line":142,"column":68},"end":{"line":142,"column":105}}},"16":{"name":"(anonymous_16)","decl":{"start":{"line":143,"column":34},"end":{"line":143,"column":57}},"loc":{"start":{"line":143,"column":60},"end":{"line":143,"column":92}}},"17":{"name":"(anonymous_17)","decl":{"start":{"line":144,"column":42},"end":{"line":144,"column":72}},"loc":{"start":{"line":144,"column":75},"end":{"line":144,"column":114}}},"18":{"name":"(anonymous_18)","decl":{"start":{"line":145,"column":38},"end":{"line":145,"column":59}},"loc":{"start":{"line":145,"column":62},"end":{"line":145,"column":98}}},"19":{"name":"(anonymous_19)","decl":{"start":{"line":146,"column":39},"end":{"line":146,"column":42}},"loc":{"start":{"line":146,"column":45},"end":{"line":146,"column":82}}},"20":{"name":"(anonymous_20)","decl":{"start":{"line":147,"column":39},"end":{"line":147,"column":42}},"loc":{"start":{"line":147,"column":45},"end":{"line":147,"column":80}}},"21":{"name":"(anonymous_21)","decl":{"start":{"line":151,"column":16},"end":{"line":151,"column":null}},"loc":{"start":{"line":155,"column":8},"end":{"line":250,"column":5}}},"22":{"name":"firstOnPage","decl":{"start":{"line":156,"column":17},"end":{"line":156,"column":28}},"loc":{"start":{"line":156,"column":44},"end":{"line":158,"column":9}}},"23":{"name":"(anonymous_23)","decl":{"start":{"line":162,"column":20},"end":{"line":162,"column":21}},"loc":{"start":{"line":162,"column":41},"end":{"line":169,"column":17}}},"24":{"name":"(anonymous_24)","decl":{"start":{"line":171,"column":26},"end":{"line":171,"column":27}},"loc":{"start":{"line":172,"column":20},"end":{"line":188,"column":null}}},"25":{"name":"(anonymous_25)","decl":{"start":{"line":174,"column":34},"end":{"line":174,"column":35}},"loc":{"start":{"line":174,"column":50},"end":{"line":181,"column":29}}},"26":{"name":"(anonymous_26)","decl":{"start":{"line":182,"column":35},"end":{"line":182,"column":36}},"loc":{"start":{"line":182,"column":50},"end":{"line":187,"column":29}}},"27":{"name":"(anonymous_27)","decl":{"start":{"line":196,"column":20},"end":{"line":196,"column":23}},"loc":{"start":{"line":196,"column":25},"end":{"line":198,"column":17}}},"28":{"name":"(anonymous_28)","decl":{"start":{"line":199,"column":26},"end":{"line":199,"column":29}},"loc":{"start":{"line":200,"column":20},"end":{"line":218,"column":null}}},"29":{"name":"(anonymous_29)","decl":{"start":{"line":202,"column":28},"end":{"line":202,"column":29}},"loc":{"start":{"line":203,"column":28},"end":{"line":203,"column":98}}},"30":{"name":"(anonymous_30)","decl":{"start":{"line":203,"column":40},"end":{"line":203,"column":41}},"loc":{"start":{"line":203,"column":46},"end":{"line":203,"column":96}}},"31":{"name":"(anonymous_31)","decl":{"start":{"line":206,"column":34},"end":{"line":206,"column":35}},"loc":{"start":{"line":206,"column":48},"end":{"line":211,"column":29}}},"32":{"name":"(anonymous_32)","decl":{"start":{"line":212,"column":35},"end":{"line":212,"column":36}},"loc":{"start":{"line":212,"column":50},"end":{"line":217,"column":29}}},"33":{"name":"(anonymous_33)","decl":{"start":{"line":227,"column":12},"end":{"line":227,"column":27}},"loc":{"start":{"line":227,"column":38},"end":{"line":233,"column":13}}},"34":{"name":"(anonymous_34)","decl":{"start":{"line":234,"column":12},"end":{"line":234,"column":28}},"loc":{"start":{"line":234,"column":28},"end":{"line":236,"column":13}}},"35":{"name":"(anonymous_35)","decl":{"start":{"line":237,"column":12},"end":{"line":237,"column":20}},"loc":{"start":{"line":237,"column":20},"end":{"line":242,"column":13}}},"36":{"name":"(anonymous_36)","decl":{"start":{"line":243,"column":12},"end":{"line":243,"column":20}},"loc":{"start":{"line":243,"column":20},"end":{"line":248,"column":13}}},"37":{"name":"(anonymous_37)","decl":{"start":{"line":253,"column":8},"end":{"line":253,"column":14}},"loc":{"start":{"line":253,"column":14},"end":{"line":253,"column":50}}},"38":{"name":"(anonymous_38)","decl":{"start":{"line":254,"column":8},"end":{"line":254,"column":17}},"loc":{"start":{"line":254,"column":17},"end":{"line":254,"column":47}}}},"branchMap":{"0":{"loc":{"start":{"line":51,"column":44},"end":{"line":51,"column":105}},"type":"binary-expr","locations":[{"start":{"line":51,"column":44},"end":{"line":51,"column":66}},{"start":{"line":51,"column":71},"end":{"line":51,"column":105}}]},"1":{"loc":{"start":{"line":52,"column":4},"end":{"line":52,"column":109}},"type":"if","locations":[{"start":{"line":52,"column":4},"end":{"line":52,"column":109}}]},"2":{"loc":{"start":{"line":53,"column":4},"end":{"line":53,"column":103}},"type":"if","locations":[{"start":{"line":53,"column":4},"end":{"line":53,"column":103}}]},"3":{"loc":{"start":{"line":54,"column":4},"end":{"line":54,"column":110}},"type":"if","locations":[{"start":{"line":54,"column":4},"end":{"line":54,"column":110}}]},"4":{"loc":{"start":{"line":54,"column":8},"end":{"line":54,"column":40}},"type":"binary-expr","locations":[{"start":{"line":54,"column":8},"end":{"line":54,"column":23}},{"start":{"line":54,"column":27},"end":{"line":54,"column":40}}]},"5":{"loc":{"start":{"line":146,"column":45},"end":{"line":146,"column":82}},"type":"binary-expr","locations":[{"start":{"line":146,"column":45},"end":{"line":146,"column":69}},{"start":{"line":146,"column":73},"end":{"line":146,"column":82}}]},"6":{"loc":{"start":{"line":147,"column":45},"end":{"line":147,"column":80}},"type":"binary-expr","locations":[{"start":{"line":147,"column":45},"end":{"line":147,"column":67}},{"start":{"line":147,"column":71},"end":{"line":147,"column":80}}]},"7":{"loc":{"start":{"line":153,"column":8},"end":{"line":153,"column":49}},"type":"default-arg","locations":[{"start":{"line":153,"column":26},"end":{"line":153,"column":49}}]},"8":{"loc":{"start":{"line":154,"column":8},"end":{"line":154,"column":59}},"type":"default-arg","locations":[{"start":{"line":154,"column":31},"end":{"line":154,"column":59}}]},"9":{"loc":{"start":{"line":165,"column":38},"end":{"line":165,"column":56}},"type":"binary-expr","locations":[{"start":{"line":165,"column":38},"end":{"line":165,"column":42}},{"start":{"line":165,"column":46},"end":{"line":165,"column":56}}]},"10":{"loc":{"start":{"line":184,"column":43},"end":{"line":184,"column":87}},"type":"binary-expr","locations":[{"start":{"line":184,"column":43},"end":{"line":184,"column":54}},{"start":{"line":184,"column":58},"end":{"line":184,"column":87}}]},"11":{"loc":{"start":{"line":208,"column":32},"end":{"line":210,"column":33}},"type":"if","locations":[{"start":{"line":208,"column":32},"end":{"line":210,"column":33}}]},"12":{"loc":{"start":{"line":208,"column":36},"end":{"line":208,"column":83}},"type":"binary-expr","locations":[{"start":{"line":208,"column":36},"end":{"line":208,"column":56}},{"start":{"line":208,"column":60},"end":{"line":208,"column":83}}]},"13":{"loc":{"start":{"line":214,"column":43},"end":{"line":214,"column":85}},"type":"binary-expr","locations":[{"start":{"line":214,"column":43},"end":{"line":214,"column":54}},{"start":{"line":214,"column":58},"end":{"line":214,"column":85}}]},"14":{"loc":{"start":{"line":230,"column":16},"end":{"line":232,"column":17}},"type":"if","locations":[{"start":{"line":230,"column":16},"end":{"line":232,"column":17}}]},"15":{"loc":{"start":{"line":241,"column":16},"end":{"line":241,"column":92}},"type":"if","locations":[{"start":{"line":241,"column":16},"end":{"line":241,"column":92}}]},"16":{"loc":{"start":{"line":247,"column":16},"end":{"line":247,"column":92}},"type":"if","locations":[{"start":{"line":247,"column":16},"end":{"line":247,"column":92}}]}},"s":{"0":10,"1":10,"2":10,"3":10,"4":10,"5":10,"6":10,"7":10,"8":10,"9":10,"10":10,"11":10,"12":10,"13":10,"14":5,"15":70,"16":5,"17":70,"18":5,"19":5,"20":5,"21":0,"22":5,"23":0,"24":10,"25":10,"26":6,"27":1,"28":6,"29":0,"30":0,"31":0,"32":0,"33":0,"34":0,"35":0,"36":0,"37":0,"38":0,"39":0,"40":0,"41":0,"42":0,"43":2,"44":6,"45":6,"46":6,"47":5,"48":5,"49":1,"50":6,"51":3,"52":3,"53":2,"54":17,"55":2,"56":2,"57":2,"58":1,"59":6,"60":0,"61":0,"62":0,"63":0,"64":1,"65":1,"66":1,"67":1,"68":1,"69":1,"70":1,"71":1,"72":1,"73":1},"f":{"0":0,"1":0,"2":5,"3":70,"4":70,"5":6,"6":1,"7":0,"8":0,"9":0,"10":0,"11":0,"12":0,"13":0,"14":0,"15":0,"16":0,"17":0,"18":0,"19":0,"20":0,"21":6,"22":2,"23":6,"24":6,"25":5,"26":1,"27":3,"28":3,"29":2,"30":17,"31":2,"32":1,"33":0,"34":0,"35":1,"36":1,"37":6,"38":6},"b":{"0":[70,1],"1":[5],"2":[0],"3":[0],"4":[5,0],"5":[0,0],"6":[0,0],"7":[6],"8":[6],"9":[6,4],"10":[1,0],"11":[2],"12":[2,2],"13":[1,0],"14":[0],"15":[1],"16":[1]}}
,"/Users/junedalam/local-proj/Angular-Practice/src/app/core/store/theme/theme.store.ts": {"path":"/Users/junedalam/local-proj/Angular-Practice/src/app/core/store/theme/theme.store.ts","statementMap":{"0":{"start":{"line":1,"column":0},"end":{"line":1,"column":57}},"1":{"start":{"line":2,"column":0},"end":{"line":2,"column":43}},"2":{"start":{"line":3,"column":0},"end":{"line":3,"column":null}},"3":{"start":{"line":15,"column":20},"end":{"line":15,"column":32}},"4":{"start":{"line":22,"column":2},"end":{"line":27,"column":3}},"5":{"start":{"line":23,"column":18},"end":{"line":23,"column":64}},"6":{"start":{"line":24,"column":4},"end":{"line":24,"column":48}},"7":{"start":{"line":26,"column":4},"end":{"line":26,"column":18}},"8":{"start":{"line":30,"column":13},"end":{"line":66,"column":2}},"9":{"start":{"line":35,"column":19},"end":{"line":37,"column":4}},"10":{"start":{"line":39,"column":30},"end":{"line":42,"column":4}},"11":{"start":{"line":40,"column":28},"end":{"line":40,"column":45}},"12":{"start":{"line":41,"column":28},"end":{"line":41,"column":46}},"13":{"start":{"line":44,"column":26},"end":{"line":56,"column":4}},"14":{"start":{"line":46,"column":30},"end":{"line":46,"column":72}},"15":{"start":{"line":47,"column":6},"end":{"line":47,"column":40}},"16":{"start":{"line":48,"column":6},"end":{"line":48,"column":66}},"17":{"start":{"line":49,"column":6},"end":{"line":49,"column":75}},"18":{"start":{"line":49,"column":12},"end":{"line":49,"column":52}},"19":{"start":{"line":52,"column":6},"end":{"line":52,"column":34}},"20":{"start":{"line":53,"column":6},"end":{"line":53,"column":66}},"21":{"start":{"line":54,"column":6},"end":{"line":54,"column":75}},"22":{"start":{"line":54,"column":12},"end":{"line":54,"column":52}},"23":{"start":{"line":58,"column":24},"end":{"line":65,"column":4}},"24":{"start":{"line":60,"column":6},"end":{"line":60,"column":74}},"25":{"start":{"line":61,"column":6},"end":{"line":63,"column":9}},"26":{"start":{"line":62,"column":8},"end":{"line":62,"column":76}}},"fnMap":{"0":{"name":"getInitialTheme","decl":{"start":{"line":21,"column":9},"end":{"line":21,"column":24}},"loc":{"start":{"line":21,"column":24},"end":{"line":28,"column":1}}},"1":{"name":"(anonymous_1)","decl":{"start":{"line":35,"column":12},"end":{"line":35,"column":15}},"loc":{"start":{"line":35,"column":19},"end":{"line":37,"column":4}}},"2":{"name":"(anonymous_2)","decl":{"start":{"line":39,"column":15},"end":{"line":39,"column":16}},"loc":{"start":{"line":39,"column":30},"end":{"line":42,"column":4}}},"3":{"name":"(anonymous_3)","decl":{"start":{"line":40,"column":22},"end":{"line":40,"column":25}},"loc":{"start":{"line":40,"column":28},"end":{"line":40,"column":45}}},"4":{"name":"(anonymous_4)","decl":{"start":{"line":41,"column":22},"end":{"line":41,"column":25}},"loc":{"start":{"line":41,"column":28},"end":{"line":41,"column":46}}},"5":{"name":"(anonymous_5)","decl":{"start":{"line":44,"column":14},"end":{"line":44,"column":15}},"loc":{"start":{"line":44,"column":26},"end":{"line":56,"column":4}}},"6":{"name":"(anonymous_6)","decl":{"start":{"line":45,"column":4},"end":{"line":45,"column":10}},"loc":{"start":{"line":45,"column":10},"end":{"line":50,"column":5}}},"7":{"name":"(anonymous_7)","decl":{"start":{"line":51,"column":4},"end":{"line":51,"column":12}},"loc":{"start":{"line":51,"column":28},"end":{"line":55,"column":5}}},"8":{"name":"(anonymous_8)","decl":{"start":{"line":58,"column":12},"end":{"line":58,"column":13}},"loc":{"start":{"line":58,"column":24},"end":{"line":65,"column":4}}},"9":{"name":"(anonymous_9)","decl":{"start":{"line":59,"column":4},"end":{"line":59,"column":10}},"loc":{"start":{"line":59,"column":10},"end":{"line":64,"column":5}}},"10":{"name":"(anonymous_10)","decl":{"start":{"line":61,"column":13},"end":{"line":61,"column":16}},"loc":{"start":{"line":61,"column":18},"end":{"line":63,"column":7}}}},"branchMap":{"0":{"loc":{"start":{"line":24,"column":11},"end":{"line":24,"column":47}},"type":"cond-expr","locations":[{"start":{"line":24,"column":31},"end":{"line":24,"column":38}},{"start":{"line":24,"column":41},"end":{"line":24,"column":47}}]},"1":{"loc":{"start":{"line":46,"column":30},"end":{"line":46,"column":72}},"type":"cond-expr","locations":[{"start":{"line":46,"column":56},"end":{"line":46,"column":63}},{"start":{"line":46,"column":66},"end":{"line":46,"column":72}}]}},"s":{"0":2,"1":2,"2":2,"3":2,"4":2,"5":2,"6":2,"7":0,"8":2,"9":2,"10":2,"11":2,"12":2,"13":2,"14":0,"15":0,"16":0,"17":0,"18":0,"19":0,"20":0,"21":0,"22":0,"23":2,"24":2,"25":2,"26":2},"f":{"0":2,"1":2,"2":2,"3":2,"4":2,"5":2,"6":0,"7":0,"8":2,"9":2,"10":2},"b":{"0":[0,2],"1":[0,0]}}
,"/Users/junedalam/local-proj/Angular-Practice/src/app/features/dashboard/dashboard.component.html": {"path":"/Users/junedalam/local-proj/Angular-Practice/src/app/features/dashboard/dashboard.component.html","statementMap":{"0":{"start":{"line":1,"column":0},"end":{"line":1,"column":869}}},"fnMap":{},"branchMap":{},"s":{"0":1},"f":{},"b":{},"_coverageSchema":"1a1c01bbd47fc00a2c39e90264f33305004495a9","hash":"9d7958812611676675c822cc8af501db650c88d0"}
,"/Users/junedalam/local-proj/Angular-Practice/src/app/features/dashboard/dashboard.component.ts": {"path":"/Users/junedalam/local-proj/Angular-Practice/src/app/features/dashboard/dashboard.component.ts","statementMap":{"0":{"start":{"line":1,"column":0},"end":{"line":1,"column":null}},"1":{"start":{"line":7,"column":0},"end":{"line":7,"column":70}},"2":{"start":{"line":8,"column":0},"end":{"line":8,"column":30}},"3":{"start":{"line":9,"column":0},"end":{"line":9,"column":71}},"4":{"start":{"line":10,"column":0},"end":{"line":10,"column":77}},"5":{"start":{"line":21,"column":20},"end":{"line":21,"column":54}},"6":{"start":{"line":22,"column":21},"end":{"line":22,"column":63}},"7":{"start":{"line":23,"column":21},"end":{"line":23,"column":63}},"8":{"start":{"line":27,"column":4},"end":{"line":32,"column":9}},"9":{"start":{"line":28,"column":46},"end":{"line":28,"column":72}},"10":{"start":{"line":30,"column":24},"end":{"line":30,"column":83}},"11":{"start":{"line":31,"column":8},"end":{"line":31,"column":38}},"12":{"start":{"line":36,"column":4},"end":{"line":36,"column":44}},"13":{"start":{"line":36,"column":40},"end":{"line":36,"column":42}},"14":{"start":{"line":40,"column":4},"end":{"line":40,"column":29}},"15":{"start":{"line":41,"column":4},"end":{"line":41,"column":31}},"16":{"start":{"line":20,"column":13},"end":{"line":20,"column":31}},"17":{"start":{"line":20,"column":13},"end":{"line":43,"column":null}}},"fnMap":{"0":{"name":"(anonymous_0)","decl":{"start":{"line":25,"column":2},"end":{"line":25,"column":null}},"loc":{"start":{"line":25,"column":2},"end":{"line":33,"column":3}}},"1":{"name":"(anonymous_1)","decl":{"start":{"line":28,"column":19},"end":{"line":28,"column":20}},"loc":{"start":{"line":28,"column":46},"end":{"line":28,"column":72}}},"2":{"name":"(anonymous_2)","decl":{"start":{"line":29,"column":17},"end":{"line":29,"column":18}},"loc":{"start":{"line":29,"column":23},"end":{"line":32,"column":7}}},"3":{"name":"(anonymous_3)","decl":{"start":{"line":35,"column":12},"end":{"line":35,"column":25}},"loc":{"start":{"line":35,"column":25},"end":{"line":37,"column":3}}},"4":{"name":"(anonymous_4)","decl":{"start":{"line":36,"column":33},"end":{"line":36,"column":34}},"loc":{"start":{"line":36,"column":40},"end":{"line":36,"column":42}}},"5":{"name":"(anonymous_5)","decl":{"start":{"line":39,"column":12},"end":{"line":39,"column":26}},"loc":{"start":{"line":39,"column":37},"end":{"line":42,"column":3}}}},"branchMap":{"0":{"loc":{"start":{"line":30,"column":24},"end":{"line":30,"column":83}},"type":"binary-expr","locations":[{"start":{"line":30,"column":24},"end":{"line":30,"column":73}},{"start":{"line":30,"column":77},"end":{"line":30,"column":83}}]}},"s":{"0":1,"1":1,"2":1,"3":1,"4":1,"5":1,"6":1,"7":1,"8":1,"9":0,"10":0,"11":0,"12":0,"13":0,"14":0,"15":0,"16":1,"17":1},"f":{"0":1,"1":0,"2":0,"3":0,"4":0,"5":0},"b":{"0":[0,0]}}
,"/Users/junedalam/local-proj/Angular-Practice/src/app/features/dashboard/left-sidenav/left-sidenav.component.html": {"path":"/Users/junedalam/local-proj/Angular-Practice/src/app/features/dashboard/left-sidenav/left-sidenav.component.html","statementMap":{"0":{"start":{"line":1,"column":0},"end":{"line":1,"column":2691}}},"fnMap":{},"branchMap":{},"s":{"0":2},"f":{},"b":{},"_coverageSchema":"1a1c01bbd47fc00a2c39e90264f33305004495a9","hash":"2dfd078d9752961bb5d2f522b2b5e23940686603"}
,"/Users/junedalam/local-proj/Angular-Practice/src/app/features/dashboard/left-sidenav/left-sidenav.component.ts": {"path":"/Users/junedalam/local-proj/Angular-Practice/src/app/features/dashboard/left-sidenav/left-sidenav.component.ts","statementMap":{"0":{"start":{"line":1,"column":0},"end":{"line":1,"column":null}},"1":{"start":{"line":7,"column":0},"end":{"line":7,"column":44}},"2":{"start":{"line":26,"column":26},"end":{"line":26,"column":null}},"3":{"start":{"line":27,"column":26},"end":{"line":27,"column":null}},"4":{"start":{"line":28,"column":11},"end":{"line":28,"column":null}},"5":{"start":{"line":30,"column":11},"end":{"line":58,"column":4}},"6":{"start":{"line":61,"column":4},"end":{"line":61,"column":31}},"7":{"start":{"line":25,"column":13},"end":{"line":25,"column":33}},"8":{"start":{"line":25,"column":13},"end":{"line":63,"column":null}}},"fnMap":{"0":{"name":"(anonymous_0)","decl":{"start":{"line":25,"column":7},"end":{"line":25,"column":13}},"loc":{"start":{"line":25,"column":7},"end":{"line":63,"column":null}}},"1":{"name":"(anonymous_1)","decl":{"start":{"line":60,"column":12},"end":{"line":60,"column":23}},"loc":{"start":{"line":60,"column":34},"end":{"line":62,"column":3}}}},"branchMap":{},"s":{"0":2,"1":2,"2":2,"3":2,"4":2,"5":2,"6":0,"7":2,"8":2},"f":{"0":2,"1":0},"b":{}}
,"/Users/junedalam/local-proj/Angular-Practice/src/app/features/dashboard/top-navbar/top-navbar.component.html": {"path":"/Users/junedalam/local-proj/Angular-Practice/src/app/features/dashboard/top-navbar/top-navbar.component.html","statementMap":{"0":{"start":{"line":1,"column":0},"end":{"line":1,"column":4264}}},"fnMap":{},"branchMap":{},"s":{"0":2},"f":{},"b":{},"_coverageSchema":"1a1c01bbd47fc00a2c39e90264f33305004495a9","hash":"21845f0ce03ae5909c68b9144edab0103f749ef1"}
,"/Users/junedalam/local-proj/Angular-Practice/src/app/features/dashboard/top-navbar/top-navbar.component.ts": {"path":"/Users/junedalam/local-proj/Angular-Practice/src/app/features/dashboard/top-navbar/top-navbar.component.ts","statementMap":{"0":{"start":{"line":1,"column":0},"end":{"line":1,"column":null}},"1":{"start":{"line":8,"column":0},"end":{"line":8,"column":66}},"2":{"start":{"line":9,"column":0},"end":{"line":9,"column":46}},"3":{"start":{"line":10,"column":0},"end":{"line":10,"column":44}},"4":{"start":{"line":21,"column":30},"end":{"line":21,"column":null}},"5":{"start":{"line":22,"column":11},"end":{"line":22,"column":null}},"6":{"start":{"line":24,"column":21},"end":{"line":24,"column":48}},"7":{"start":{"line":26,"column":11},"end":{"line":26,"column":56}},"8":{"start":{"line":27,"column":11},"end":{"line":27,"column":36}},"9":{"start":{"line":28,"column":11},"end":{"line":28,"column":29}},"10":{"start":{"line":20,"column":13},"end":{"line":20,"column":31}},"11":{"start":{"line":20,"column":13},"end":{"line":29,"column":null}}},"fnMap":{"0":{"name":"(anonymous_0)","decl":{"start":{"line":20,"column":7},"end":{"line":20,"column":13}},"loc":{"start":{"line":20,"column":7},"end":{"line":29,"column":null}}}},"branchMap":{},"s":{"0":2,"1":2,"2":2,"3":2,"4":2,"5":2,"6":2,"7":2,"8":2,"9":2,"10":2,"11":2},"f":{"0":2},"b":{}}
,"/Users/junedalam/local-proj/Angular-Practice/src/app/features/home/home.component.html": {"path":"/Users/junedalam/local-proj/Angular-Practice/src/app/features/home/home.component.html","statementMap":{"0":{"start":{"line":1,"column":0},"end":{"line":1,"column":834}}},"fnMap":{},"branchMap":{},"s":{"0":1},"f":{},"b":{},"_coverageSchema":"1a1c01bbd47fc00a2c39e90264f33305004495a9","hash":"0788879d1643fa223bfe59101aa137124a5e8533"}
,"/Users/junedalam/local-proj/Angular-Practice/src/app/features/home/home.component.ts": {"path":"/Users/junedalam/local-proj/Angular-Practice/src/app/features/home/home.component.ts","statementMap":{"0":{"start":{"line":1,"column":0},"end":{"line":1,"column":null}},"1":{"start":{"line":6,"column":0},"end":{"line":6,"column":41}},"2":{"start":{"line":23,"column":7},"end":{"line":57,"column":null}},"3":{"start":{"line":24,"column":19},"end":{"line":24,"column":43}},"4":{"start":{"line":26,"column":21},"end":{"line":52,"column":4}},"5":{"start":{"line":55,"column":4},"end":{"line":55,"column":34}},"6":{"start":{"line":23,"column":13},"end":{"line":23,"column":26}},"7":{"start":{"line":23,"column":13},"end":{"line":57,"column":null}}},"fnMap":{"0":{"name":"(anonymous_0)","decl":{"start":{"line":23,"column":7},"end":{"line":23,"column":13}},"loc":{"start":{"line":23,"column":7},"end":{"line":57,"column":1}}},"1":{"name":"(anonymous_1)","decl":{"start":{"line":54,"column":12},"end":{"line":54,"column":20}},"loc":{"start":{"line":54,"column":34},"end":{"line":56,"column":3}}}},"branchMap":{},"s":{"0":1,"1":1,"2":1,"3":1,"4":1,"5":0,"6":1,"7":1},"f":{"0":1,"1":0},"b":{}}
,"/Users/junedalam/local-proj/Angular-Practice/src/app/features/maps/maps.component.html": {"path":"/Users/junedalam/local-proj/Angular-Practice/src/app/features/maps/maps.component.html","statementMap":{"0":{"start":{"line":1,"column":0},"end":{"line":1,"column":37}}},"fnMap":{},"branchMap":{},"s":{"0":1},"f":{},"b":{},"_coverageSchema":"1a1c01bbd47fc00a2c39e90264f33305004495a9","hash":"514e590c7c05f5c581ba2e24b073132de3999aea"}
,"/Users/junedalam/local-proj/Angular-Practice/src/app/features/maps/maps.component.ts": {"path":"/Users/junedalam/local-proj/Angular-Practice/src/app/features/maps/maps.component.ts","statementMap":{"0":{"start":{"line":1,"column":0},"end":{"line":1,"column":67}},"1":{"start":{"line":10,"column":7},"end":{"line":12,"column":null}},"2":{"start":{"line":10,"column":13},"end":{"line":10,"column":26}},"3":{"start":{"line":10,"column":13},"end":{"line":12,"column":null}}},"fnMap":{},"branchMap":{},"s":{"0":1,"1":1,"2":1,"3":1},"f":{},"b":{}}
,"/Users/junedalam/local-proj/Angular-Practice/src/app/features/presentation/active-wwell-map/active-wwell-map.component.html": {"path":"/Users/junedalam/local-proj/Angular-Practice/src/app/features/presentation/active-wwell-map/active-wwell-map.component.html","statementMap":{"0":{"start":{"line":1,"column":0},"end":{"line":1,"column":1861}}},"fnMap":{},"branchMap":{},"s":{"0":1},"f":{},"b":{},"_coverageSchema":"1a1c01bbd47fc00a2c39e90264f33305004495a9","hash":"0383304346e87c8ce9220d3fab60817070cdc9f3"}
,"/Users/junedalam/local-proj/Angular-Practice/src/app/features/presentation/active-wwell-map/active-wwell-map.component.ts": {"path":"/Users/junedalam/local-proj/Angular-Practice/src/app/features/presentation/active-wwell-map/active-wwell-map.component.ts","statementMap":{"0":{"start":{"line":1,"column":0},"end":{"line":1,"column":50}},"1":{"start":{"line":2,"column":0},"end":{"line":2,"column":59}},"2":{"start":{"line":11,"column":7},"end":{"line":13,"column":null}},"3":{"start":{"line":12,"column":21},"end":{"line":12,"column":47}},"4":{"start":{"line":11,"column":13},"end":{"line":11,"column":36}},"5":{"start":{"line":11,"column":13},"end":{"line":13,"column":null}}},"fnMap":{"0":{"name":"(anonymous_0)","decl":{"start":{"line":11,"column":7},"end":{"line":11,"column":13}},"loc":{"start":{"line":11,"column":7},"end":{"line":13,"column":1}}}},"branchMap":{},"s":{"0":1,"1":1,"2":1,"3":1,"4":1,"5":1},"f":{"0":1},"b":{}}
,"/Users/junedalam/local-proj/Angular-Practice/src/app/features/presentation/depth-scale/depth-scale.component.html": {"path":"/Users/junedalam/local-proj/Angular-Practice/src/app/features/presentation/depth-scale/depth-scale.component.html","statementMap":{"0":{"start":{"line":1,"column":0},"end":{"line":1,"column":106}}},"fnMap":{},"branchMap":{},"s":{"0":1},"f":{},"b":{},"_coverageSchema":"1a1c01bbd47fc00a2c39e90264f33305004495a9","hash":"156c12d991eebdacd808ec0f3d0af16ea9d52f56"}
,"/Users/junedalam/local-proj/Angular-Practice/src/app/features/presentation/depth-scale/depth-scale.component.ts": {"path":"/Users/junedalam/local-proj/Angular-Practice/src/app/features/presentation/depth-scale/depth-scale.component.ts","statementMap":{"0":{"start":{"line":1,"column":0},"end":{"line":1,"column":null}},"1":{"start":{"line":10,"column":0},"end":{"line":10,"column":38}},"2":{"start":{"line":11,"column":0},"end":{"line":11,"column":37}},"3":{"start":{"line":12,"column":0},"end":{"line":12,"column":23}},"4":{"start":{"line":14,"column":0},"end":{"line":14,"column":59}},"5":{"start":{"line":15,"column":0},"end":{"line":15,"column":101}},"6":{"start":{"line":16,"column":0},"end":{"line":16,"column":99}},"7":{"start":{"line":26,"column":21},"end":{"line":26,"column":47}},"8":{"start":{"line":27,"column":24},"end":{"line":27,"column":null}},"9":{"start":{"line":28,"column":25},"end":{"line":28,"column":null}},"10":{"start":{"line":30,"column":19},"end":{"line":30,"column":null}},"11":{"start":{"line":32,"column":19},"end":{"line":32,"column":43}},"12":{"start":{"line":35,"column":4},"end":{"line":43,"column":7}},"13":{"start":{"line":36,"column":20},"end":{"line":36,"column":33}},"14":{"start":{"line":37,"column":20},"end":{"line":37,"column":37}},"15":{"start":{"line":38,"column":6},"end":{"line":38,"column":25}},"16":{"start":{"line":40,"column":6},"end":{"line":42,"column":7}},"17":{"start":{"line":41,"column":8},"end":{"line":41,"column":51}},"18":{"start":{"line":49,"column":81},"end":{"line":49,"column":92}},"19":{"start":{"line":51,"column":16},"end":{"line":51,"column":31}},"20":{"start":{"line":52,"column":4},"end":{"line":52,"column":32}},"21":{"start":{"line":54,"column":4},"end":{"line":58,"column":43}},"22":{"start":{"line":60,"column":14},"end":{"line":60,"column":76}},"23":{"start":{"line":61,"column":18},"end":{"line":61,"column":61}},"24":{"start":{"line":62,"column":18},"end":{"line":62,"column":50}},"25":{"start":{"line":64,"column":4},"end":{"line":72,"column":9}},"26":{"start":{"line":70,"column":8},"end":{"line":70,"column":76}},"27":{"start":{"line":71,"column":8},"end":{"line":71,"column":80}},"28":{"start":{"line":74,"column":20},"end":{"line":74,"column":33}},"29":{"start":{"line":75,"column":4},"end":{"line":84,"column":36}},"30":{"start":{"line":86,"column":4},"end":{"line":113,"column":7}},"31":{"start":{"line":87,"column":18},"end":{"line":87,"column":30}},"32":{"start":{"line":88,"column":20},"end":{"line":88,"column":85}},"33":{"start":{"line":90,"column":19},"end":{"line":93,"column":28}},"34":{"start":{"line":95,"column":6},"end":{"line":97,"column":59}},"35":{"start":{"line":99,"column":6},"end":{"line":103,"column":58}},"36":{"start":{"line":105,"column":6},"end":{"line":107,"column":59}},"37":{"start":{"line":109,"column":6},"end":{"line":112,"column":29}},"38":{"start":{"line":115,"column":4},"end":{"line":125,"column":27}},"39":{"start":{"line":25,"column":13},"end":{"line":25,"column":32}},"40":{"start":{"line":25,"column":13},"end":{"line":127,"column":null}}},"fnMap":{"0":{"name":"(anonymous_0)","decl":{"start":{"line":34,"column":2},"end":{"line":34,"column":null}},"loc":{"start":{"line":34,"column":2},"end":{"line":44,"column":3}}},"1":{"name":"(anonymous_1)","decl":{"start":{"line":35,"column":11},"end":{"line":35,"column":14}},"loc":{"start":{"line":35,"column":16},"end":{"line":43,"column":5}}},"2":{"name":"(anonymous_2)","decl":{"start":{"line":48,"column":10},"end":{"line":48,"column":19}},"loc":{"start":{"line":48,"column":62},"end":{"line":126,"column":3}}},"3":{"name":"(anonymous_3)","decl":{"start":{"line":69,"column":12},"end":{"line":69,"column":13}},"loc":{"start":{"line":69,"column":18},"end":{"line":72,"column":7}}},"4":{"name":"(anonymous_4)","decl":{"start":{"line":86,"column":18},"end":{"line":86,"column":19}},"loc":{"start":{"line":86,"column":36},"end":{"line":113,"column":5}}}},"branchMap":{"0":{"loc":{"start":{"line":40,"column":6},"end":{"line":42,"column":7}},"type":"if","locations":[{"start":{"line":40,"column":6},"end":{"line":42,"column":7}}]},"1":{"loc":{"start":{"line":103,"column":14},"end":{"line":103,"column":56}},"type":"cond-expr","locations":[{"start":{"line":103,"column":28},"end":{"line":103,"column":31}},{"start":{"line":103,"column":34},"end":{"line":103,"column":56}}]}},"s":{"0":1,"1":1,"2":1,"3":1,"4":1,"5":1,"6":1,"7":4,"8":4,"9":4,"10":4,"11":4,"12":4,"13":5,"14":5,"15":5,"16":5,"17":5,"18":5,"19":5,"20":5,"21":5,"22":5,"23":5,"24":5,"25":5,"26":5,"27":5,"28":5,"29":5,"30":5,"31":17,"32":17,"33":17,"34":17,"35":17,"36":17,"37":17,"38":5,"39":1,"40":1},"f":{"0":4,"1":5,"2":5,"3":5,"4":17},"b":{"0":[5],"1":[5,12]}}
,"/Users/junedalam/local-proj/Angular-Practice/src/app/features/presentation/misc-pres-well-data/misc-pres-well-data.component.html": {"path":"/Users/junedalam/local-proj/Angular-Practice/src/app/features/presentation/misc-pres-well-data/misc-pres-well-data.component.html","statementMap":{"0":{"start":{"line":1,"column":0},"end":{"line":1,"column":6258}}},"fnMap":{},"branchMap":{},"s":{"0":1},"f":{},"b":{},"_coverageSchema":"1a1c01bbd47fc00a2c39e90264f33305004495a9","hash":"415332f048f6eb7ba28f17194f1d6b76a04e057c"}
,"/Users/junedalam/local-proj/Angular-Practice/src/app/features/presentation/misc-pres-well-data/misc-pres-well-data.component.ts": {"path":"/Users/junedalam/local-proj/Angular-Practice/src/app/features/presentation/misc-pres-well-data/misc-pres-well-data.component.ts","statementMap":{"0":{"start":{"line":6,"column":0},"end":{"line":6,"column":75}},"1":{"start":{"line":7,"column":0},"end":{"line":7,"column":46}},"2":{"start":{"line":8,"column":0},"end":{"line":8,"column":58}},"3":{"start":{"line":18,"column":7},"end":{"line":21,"column":null}},"4":{"start":{"line":19,"column":21},"end":{"line":19,"column":47}},"5":{"start":{"line":18,"column":13},"end":{"line":18,"column":38}},"6":{"start":{"line":18,"column":13},"end":{"line":21,"column":null}}},"fnMap":{"0":{"name":"(anonymous_0)","decl":{"start":{"line":18,"column":7},"end":{"line":18,"column":13}},"loc":{"start":{"line":18,"column":7},"end":{"line":21,"column":1}}}},"branchMap":{},"s":{"0":1,"1":1,"2":1,"3":1,"4":7,"5":1,"6":1},"f":{"0":7},"b":{}}
,"/Users/junedalam/local-proj/Angular-Practice/src/app/features/presentation/offset-wwells/offset-wwells.component.html": {"path":"/Users/junedalam/local-proj/Angular-Practice/src/app/features/presentation/offset-wwells/offset-wwells.component.html","statementMap":{"0":{"start":{"line":1,"column":0},"end":{"line":1,"column":3363}}},"fnMap":{},"branchMap":{},"s":{"0":1},"f":{},"b":{},"_coverageSchema":"1a1c01bbd47fc00a2c39e90264f33305004495a9","hash":"ff52a282caf3320099ad5624ed27d1fbc6280b67"}
,"/Users/junedalam/local-proj/Angular-Practice/src/app/features/presentation/offset-wwells/offset-wwells.component.ts": {"path":"/Users/junedalam/local-proj/Angular-Practice/src/app/features/presentation/offset-wwells/offset-wwells.component.ts","statementMap":{"0":{"start":{"line":6,"column":0},"end":{"line":6,"column":83}},"1":{"start":{"line":7,"column":0},"end":{"line":7,"column":46}},"2":{"start":{"line":8,"column":0},"end":{"line":8,"column":52}},"3":{"start":{"line":9,"column":0},"end":{"line":9,"column":44}},"4":{"start":{"line":10,"column":0},"end":{"line":10,"column":40}},"5":{"start":{"line":11,"column":0},"end":{"line":11,"column":58}},"6":{"start":{"line":21,"column":7},"end":{"line":32,"column":null}},"7":{"start":{"line":22,"column":21},"end":{"line":22,"column":47}},"8":{"start":{"line":23,"column":21},"end":{"line":23,"column":55}},"9":{"start":{"line":26,"column":4},"end":{"line":30,"column":5}},"10":{"start":{"line":27,"column":6},"end":{"line":27,"column":52}},"11":{"start":{"line":29,"column":6},"end":{"line":29,"column":42}},"12":{"start":{"line":21,"column":13},"end":{"line":21,"column":34}},"13":{"start":{"line":21,"column":13},"end":{"line":32,"column":null}}},"fnMap":{"0":{"name":"(anonymous_0)","decl":{"start":{"line":21,"column":7},"end":{"line":21,"column":13}},"loc":{"start":{"line":21,"column":7},"end":{"line":32,"column":1}}},"1":{"name":"(anonymous_1)","decl":{"start":{"line":25,"column":12},"end":{"line":25,"column":25}},"loc":{"start":{"line":25,"column":70},"end":{"line":31,"column":3}}}},"branchMap":{"0":{"loc":{"start":{"line":26,"column":4},"end":{"line":30,"column":5}},"type":"if","locations":[{"start":{"line":26,"column":4},"end":{"line":30,"column":5}},{"start":{"line":28,"column":11},"end":{"line":30,"column":5}}]},"1":{"loc":{"start":{"line":27,"column":34},"end":{"line":27,"column":49}},"type":"binary-expr","locations":[{"start":{"line":27,"column":34},"end":{"line":27,"column":42}},{"start":{"line":27,"column":46},"end":{"line":27,"column":49}}]}},"s":{"0":1,"1":1,"2":1,"3":1,"4":1,"5":1,"6":1,"7":6,"8":6,"9":2,"10":1,"11":1,"12":1,"13":1},"f":{"0":6,"1":2},"b":{"0":[1,1],"1":[1,0]}}
,"/Users/junedalam/local-proj/Angular-Practice/src/app/features/presentation/picked-formation-tops/picked-formation-tops.component.html": {"path":"/Users/junedalam/local-proj/Angular-Practice/src/app/features/presentation/picked-formation-tops/picked-formation-tops.component.html","statementMap":{"0":{"start":{"line":1,"column":0},"end":{"line":1,"column":314}}},"fnMap":{},"branchMap":{},"s":{"0":1},"f":{},"b":{},"_coverageSchema":"1a1c01bbd47fc00a2c39e90264f33305004495a9","hash":"12b0d28f3b2c5fe02c8607a03a74d48648cd74fa"}
,"/Users/junedalam/local-proj/Angular-Practice/src/app/features/presentation/picked-formation-tops/picked-formation-tops.component.ts": {"path":"/Users/junedalam/local-proj/Angular-Practice/src/app/features/presentation/picked-formation-tops/picked-formation-tops.component.ts","statementMap":{"0":{"start":{"line":1,"column":0},"end":{"line":1,"column":null}},"1":{"start":{"line":9,"column":0},"end":{"line":9,"column":48}},"2":{"start":{"line":10,"column":0},"end":{"line":10,"column":94}},"3":{"start":{"line":11,"column":0},"end":{"line":11,"column":59}},"4":{"start":{"line":22,"column":7},"end":{"line":91,"column":null}},"5":{"start":{"line":23,"column":21},"end":{"line":23,"column":47}},"6":{"start":{"line":24,"column":19},"end":{"line":24,"column":47}},"7":{"start":{"line":25,"column":10},"end":{"line":25,"column":62}},"8":{"start":{"line":46,"column":11},"end":{"line":64,"column":5}},"9":{"start":{"line":66,"column":11},"end":{"line":82,"column":4}},"10":{"start":{"line":74,"column":37},"end":{"line":74,"column":81}},"11":{"start":{"line":79,"column":31},"end":{"line":79,"column":72}},"12":{"start":{"line":84,"column":11},"end":{"line":90,"column":4}},"13":{"start":{"line":28,"column":4},"end":{"line":36,"column":36}},"14":{"start":{"line":30,"column":19},"end":{"line":30,"column":48}},"15":{"start":{"line":31,"column":23},"end":{"line":31,"column":44}},"16":{"start":{"line":33,"column":6},"end":{"line":35,"column":7}},"17":{"start":{"line":34,"column":8},"end":{"line":34,"column":52}},"18":{"start":{"line":40,"column":4},"end":{"line":40,"column":29}},"19":{"start":{"line":41,"column":4},"end":{"line":43,"column":5}},"20":{"start":{"line":42,"column":6},"end":{"line":42,"column":75}},"21":{"start":{"line":22,"column":13},"end":{"line":22,"column":41}},"22":{"start":{"line":22,"column":13},"end":{"line":91,"column":null}}},"fnMap":{"0":{"name":"(anonymous_0)","decl":{"start":{"line":22,"column":7},"end":{"line":22,"column":13}},"loc":{"start":{"line":22,"column":7},"end":{"line":91,"column":1}}},"1":{"name":"(anonymous_1)","decl":{"start":{"line":74,"column":22},"end":{"line":74,"column":23}},"loc":{"start":{"line":74,"column":37},"end":{"line":74,"column":81}}},"2":{"name":"(anonymous_2)","decl":{"start":{"line":79,"column":19},"end":{"line":79,"column":20}},"loc":{"start":{"line":79,"column":31},"end":{"line":79,"column":72}}},"3":{"name":"(anonymous_3)","decl":{"start":{"line":27,"column":2},"end":{"line":27,"column":10}},"loc":{"start":{"line":27,"column":10},"end":{"line":37,"column":3}}},"4":{"name":"(anonymous_4)","decl":{"start":{"line":28,"column":11},"end":{"line":28,"column":14}},"loc":{"start":{"line":28,"column":16},"end":{"line":36,"column":5}}},"5":{"name":"(anonymous_5)","decl":{"start":{"line":39,"column":2},"end":{"line":39,"column":13}},"loc":{"start":{"line":39,"column":56},"end":{"line":44,"column":3}}}},"branchMap":{"0":{"loc":{"start":{"line":74,"column":37},"end":{"line":74,"column":81}},"type":"cond-expr","locations":[{"start":{"line":74,"column":53},"end":{"line":74,"column":75}},{"start":{"line":74,"column":78},"end":{"line":74,"column":81}}]},"1":{"loc":{"start":{"line":79,"column":31},"end":{"line":79,"column":72}},"type":"binary-expr","locations":[{"start":{"line":79,"column":31},"end":{"line":79,"column":66}},{"start":{"line":79,"column":70},"end":{"line":79,"column":72}}]},"2":{"loc":{"start":{"line":33,"column":6},"end":{"line":35,"column":7}},"type":"if","locations":[{"start":{"line":33,"column":6},"end":{"line":35,"column":7}}]},"3":{"loc":{"start":{"line":33,"column":10},"end":{"line":33,"column":34}},"type":"binary-expr","locations":[{"start":{"line":33,"column":10},"end":{"line":33,"column":22}},{"start":{"line":33,"column":26},"end":{"line":33,"column":34}}]},"4":{"loc":{"start":{"line":41,"column":4},"end":{"line":43,"column":5}},"type":"if","locations":[{"start":{"line":41,"column":4},"end":{"line":43,"column":5}}]}},"s":{"0":1,"1":1,"2":1,"3":1,"4":1,"5":5,"6":5,"7":5,"8":5,"9":5,"10":2,"11":0,"12":5,"13":5,"14":6,"15":6,"16":6,"17":1,"18":1,"19":1,"20":1,"21":1,"22":1},"f":{"0":5,"1":2,"2":0,"3":5,"4":6,"5":1},"b":{"0":[1,1],"1":[0,0],"2":[1],"3":[6,1],"4":[1]}}
,"/Users/junedalam/local-proj/Angular-Practice/src/app/features/presentation/well-bore-view/well-bore-view.component.ts": {"path":"/Users/junedalam/local-proj/Angular-Practice/src/app/features/presentation/well-bore-view/well-bore-view.component.ts","statementMap":{"0":{"start":{"line":1,"column":0},"end":{"line":1,"column":null}},"1":{"start":{"line":10,"column":0},"end":{"line":10,"column":49}},"2":{"start":{"line":11,"column":0},"end":{"line":11,"column":41}},"3":{"start":{"line":12,"column":0},"end":{"line":12,"column":23}},"4":{"start":{"line":14,"column":0},"end":{"line":14,"column":59}},"5":{"start":{"line":15,"column":0},"end":{"line":15,"column":132}},"6":{"start":{"line":18,"column":0},"end":{"line":18,"column":null}},"7":{"start":{"line":43,"column":21},"end":{"line":43,"column":47}},"8":{"start":{"line":44,"column":25},"end":{"line":44,"column":null}},"9":{"start":{"line":45,"column":25},"end":{"line":45,"column":null}},"10":{"start":{"line":47,"column":19},"end":{"line":47,"column":null}},"11":{"start":{"line":49,"column":19},"end":{"line":49,"column":43}},"12":{"start":{"line":54,"column":4},"end":{"line":68,"column":7}},"13":{"start":{"line":55,"column":20},"end":{"line":55,"column":33}},"14":{"start":{"line":56,"column":19},"end":{"line":56,"column":37}},"15":{"start":{"line":58,"column":6},"end":{"line":58,"column":49}},"16":{"start":{"line":58,"column":42},"end":{"line":58,"column":49}},"17":{"start":{"line":61,"column":6},"end":{"line":63,"column":7}},"18":{"start":{"line":62,"column":8},"end":{"line":62,"column":47}},"19":{"start":{"line":65,"column":6},"end":{"line":67,"column":7}},"20":{"start":{"line":66,"column":8},"end":{"line":66,"column":26}},"21":{"start":{"line":72,"column":56},"end":{"line":72,"column":67}},"22":{"start":{"line":73,"column":16},"end":{"line":73,"column":41}},"23":{"start":{"line":75,"column":4},"end":{"line":78,"column":43}},"24":{"start":{"line":80,"column":4},"end":{"line":80,"column":48}},"25":{"start":{"line":81,"column":4},"end":{"line":81,"column":36}},"26":{"start":{"line":83,"column":4},"end":{"line":85,"column":62}},"27":{"start":{"line":89,"column":4},"end":{"line":89,"column":28}},"28":{"start":{"line":89,"column":21},"end":{"line":89,"column":28}},"29":{"start":{"line":91,"column":4},"end":{"line":91,"column":39}},"30":{"start":{"line":92,"column":4},"end":{"line":92,"column":48}},"31":{"start":{"line":94,"column":55},"end":{"line":94,"column":66}},"32":{"start":{"line":95,"column":18},"end":{"line":95,"column":66}},"33":{"start":{"line":96,"column":26},"end":{"line":96,"column":70}},"34":{"start":{"line":99,"column":30},"end":{"line":100,"column":null}},"35":{"start":{"line":100,"column":24},"end":{"line":100,"column":76}},"36":{"start":{"line":103,"column":27},"end":{"line":103,"column":28}},"37":{"start":{"line":104,"column":26},"end":{"line":104,"column":71}},"38":{"start":{"line":105,"column":22},"end":{"line":105,"column":50}},"39":{"start":{"line":106,"column":21},"end":{"line":106,"column":49}},"40":{"start":{"line":107,"column":26},"end":{"line":107,"column":49}},"41":{"start":{"line":108,"column":25},"end":{"line":108,"column":61}},"42":{"start":{"line":109,"column":26},"end":{"line":109,"column":53}},"43":{"start":{"line":110,"column":25},"end":{"line":110,"column":26}},"44":{"start":{"line":111,"column":26},"end":{"line":111,"column":54}},"45":{"start":{"line":112,"column":27},"end":{"line":112,"column":50}},"46":{"start":{"line":113,"column":25},"end":{"line":113,"column":74}},"47":{"start":{"line":114,"column":30},"end":{"line":114,"column":58}},"48":{"start":{"line":115,"column":27},"end":{"line":115,"column":79}},"49":{"start":{"line":118,"column":4},"end":{"line":118,"column":51}},"50":{"start":{"line":119,"column":4},"end":{"line":119,"column":77}},"51":{"start":{"line":120,"column":4},"end":{"line":120,"column":96}},"52":{"start":{"line":121,"column":4},"end":{"line":121,"column":69}},"53":{"start":{"line":122,"column":4},"end":{"line":122,"column":102}},"54":{"start":{"line":123,"column":4},"end":{"line":123,"column":77}},"55":{"start":{"line":124,"column":4},"end":{"line":124,"column":66}},"56":{"start":{"line":125,"column":4},"end":{"line":125,"column":66}},"57":{"start":{"line":127,"column":50},"end":{"line":127,"column":61}},"58":{"start":{"line":128,"column":20},"end":{"line":128,"column":80}},"59":{"start":{"line":129,"column":17},"end":{"line":129,"column":43}},"60":{"start":{"line":131,"column":4},"end":{"line":131,"column":81}},"61":{"start":{"line":132,"column":4},"end":{"line":132,"column":92}},"62":{"start":{"line":136,"column":4},"end":{"line":141,"column":7}},"63":{"start":{"line":142,"column":4},"end":{"line":147,"column":7}},"64":{"start":{"line":148,"column":4},"end":{"line":153,"column":7}},"65":{"start":{"line":155,"column":17},"end":{"line":158,"column":41}},"66":{"start":{"line":159,"column":4},"end":{"line":164,"column":28}},"67":{"start":{"line":166,"column":26},"end":{"line":170,"column":24}},"68":{"start":{"line":172,"column":4},"end":{"line":175,"column":55}},"69":{"start":{"line":177,"column":4},"end":{"line":180,"column":55}},"70":{"start":{"line":182,"column":26},"end":{"line":185,"column":41}},"71":{"start":{"line":187,"column":4},"end":{"line":188,"column":274}},"72":{"start":{"line":190,"column":22},"end":{"line":200,"column":5}},"73":{"start":{"line":191,"column":6},"end":{"line":199,"column":28}},"74":{"start":{"line":201,"column":4},"end":{"line":201,"column":53}},"75":{"start":{"line":202,"column":4},"end":{"line":202,"column":38}},"76":{"start":{"line":204,"column":4},"end":{"line":204,"column":38}},"77":{"start":{"line":212,"column":14},"end":{"line":212,"column":58}},"78":{"start":{"line":213,"column":4},"end":{"line":215,"column":6}},"79":{"start":{"line":214,"column":6},"end":{"line":214,"column":71}},"80":{"start":{"line":219,"column":30},"end":{"line":219,"column":78}},"81":{"start":{"line":219,"column":50},"end":{"line":219,"column":77}},"82":{"start":{"line":220,"column":16},"end":{"line":220,"column":46}},"83":{"start":{"line":221,"column":4},"end":{"line":221,"column":32}},"84":{"start":{"line":225,"column":4},"end":{"line":228,"column":37}},"85":{"start":{"line":230,"column":4},"end":{"line":234,"column":28}},"86":{"start":{"line":236,"column":4},"end":{"line":239,"column":59}},"87":{"start":{"line":241,"column":4},"end":{"line":249,"column":9}},"88":{"start":{"line":247,"column":8},"end":{"line":247,"column":77}},"89":{"start":{"line":248,"column":8},"end":{"line":248,"column":87}},"90":{"start":{"line":258,"column":19},"end":{"line":258,"column":76}},"91":{"start":{"line":258,"column":44},"end":{"line":258,"column":75}},"92":{"start":{"line":259,"column":4},"end":{"line":298,"column":7}},"93":{"start":{"line":260,"column":23},"end":{"line":260,"column":72}},"94":{"start":{"line":261,"column":18},"end":{"line":261,"column":41}},"95":{"start":{"line":262,"column":16},"end":{"line":265,"column":28}},"96":{"start":{"line":267,"column":6},"end":{"line":275,"column":7}},"97":{"start":{"line":268,"column":8},"end":{"line":274,"column":25}},"98":{"start":{"line":277,"column":6},"end":{"line":280,"column":37}},"99":{"start":{"line":282,"column":6},"end":{"line":286,"column":49}},"100":{"start":{"line":288,"column":6},"end":{"line":292,"column":28}},"101":{"start":{"line":294,"column":6},"end":{"line":297,"column":29}},"102":{"start":{"line":309,"column":67},"end":{"line":309,"column":78}},"103":{"start":{"line":310,"column":4},"end":{"line":367,"column":7}},"104":{"start":{"line":311,"column":6},"end":{"line":311,"column":42}},"105":{"start":{"line":311,"column":35},"end":{"line":311,"column":42}},"106":{"start":{"line":312,"column":19},"end":{"line":312,"column":51}},"107":{"start":{"line":313,"column":17},"end":{"line":313,"column":80}},"108":{"start":{"line":314,"column":23},"end":{"line":314,"column":42}},"109":{"start":{"line":315,"column":21},"end":{"line":315,"column":43}},"110":{"start":{"line":316,"column":24},"end":{"line":316,"column":46}},"111":{"start":{"line":317,"column":20},"end":{"line":317,"column":51}},"112":{"start":{"line":318,"column":25},"end":{"line":320,"column":36}},"113":{"start":{"line":322,"column":23},"end":{"line":330,"column":26}},"114":{"start":{"line":332,"column":6},"end":{"line":366,"column":7}},"115":{"start":{"line":333,"column":29},"end":{"line":333,"column":100}},"116":{"start":{"line":333,"column":47},"end":{"line":333,"column":99}},"117":{"start":{"line":334,"column":29},"end":{"line":334,"column":76}},"118":{"start":{"line":335,"column":31},"end":{"line":335,"column":50}},"119":{"start":{"line":336,"column":24},"end":{"line":336,"column":108}},"120":{"start":{"line":337,"column":25},"end":{"line":337,"column":37}},"121":{"start":{"line":338,"column":29},"end":{"line":338,"column":31}},"122":{"start":{"line":339,"column":30},"end":{"line":339,"column":59}},"123":{"start":{"line":340,"column":8},"end":{"line":346,"column":48}},"124":{"start":{"line":347,"column":8},"end":{"line":351,"column":47}},"125":{"start":{"line":353,"column":8},"end":{"line":360,"column":71}},"126":{"start":{"line":361,"column":8},"end":{"line":365,"column":59}},"127":{"start":{"line":376,"column":50},"end":{"line":376,"column":61}},"128":{"start":{"line":377,"column":4},"end":{"line":426,"column":7}},"129":{"start":{"line":378,"column":6},"end":{"line":378,"column":42}},"130":{"start":{"line":378,"column":35},"end":{"line":378,"column":42}},"131":{"start":{"line":379,"column":19},"end":{"line":379,"column":51}},"132":{"start":{"line":380,"column":17},"end":{"line":380,"column":80}},"133":{"start":{"line":381,"column":21},"end":{"line":381,"column":40}},"134":{"start":{"line":382,"column":21},"end":{"line":382,"column":27}},"135":{"start":{"line":383,"column":6},"end":{"line":385,"column":7}},"136":{"start":{"line":384,"column":8},"end":{"line":384,"column":39}},"137":{"start":{"line":386,"column":20},"end":{"line":388,"column":22}},"138":{"start":{"line":389,"column":19},"end":{"line":389,"column":29}},"139":{"start":{"line":390,"column":21},"end":{"line":390,"column":29}},"140":{"start":{"line":391,"column":17},"end":{"line":393,"column":28}},"141":{"start":{"line":394,"column":6},"end":{"line":397,"column":51}},"142":{"start":{"line":398,"column":6},"end":{"line":400,"column":59}},"143":{"start":{"line":401,"column":6},"end":{"line":424,"column":7}},"144":{"start":{"line":402,"column":8},"end":{"line":405,"column":49}},"145":{"start":{"line":407,"column":8},"end":{"line":410,"column":85}},"146":{"start":{"line":411,"column":8},"end":{"line":416,"column":9}},"147":{"start":{"line":412,"column":10},"end":{"line":415,"column":41}},"148":{"start":{"line":417,"column":8},"end":{"line":423,"column":77}},"149":{"start":{"line":425,"column":6},"end":{"line":425,"column":96}},"150":{"start":{"line":430,"column":4},"end":{"line":430,"column":35}},"151":{"start":{"line":430,"column":28},"end":{"line":430,"column":35}},"152":{"start":{"line":431,"column":50},"end":{"line":431,"column":61}},"153":{"start":{"line":432,"column":16},"end":{"line":432,"column":60}},"154":{"start":{"line":433,"column":22},"end":{"line":433,"column":59}},"155":{"start":{"line":434,"column":17},"end":{"line":434,"column":76}},"156":{"start":{"line":435,"column":20},"end":{"line":435,"column":83}},"157":{"start":{"line":436,"column":15},"end":{"line":436,"column":37}},"158":{"start":{"line":437,"column":15},"end":{"line":437,"column":37}},"159":{"start":{"line":438,"column":18},"end":{"line":438,"column":156}},"160":{"start":{"line":439,"column":15},"end":{"line":439,"column":86}},"161":{"start":{"line":440,"column":4},"end":{"line":440,"column":112}},"162":{"start":{"line":441,"column":4},"end":{"line":441,"column":121}},"163":{"start":{"line":442,"column":4},"end":{"line":442,"column":102}},"164":{"start":{"line":443,"column":4},"end":{"line":443,"column":107}},"165":{"start":{"line":447,"column":4},"end":{"line":447,"column":37}},"166":{"start":{"line":447,"column":30},"end":{"line":447,"column":37}},"167":{"start":{"line":448,"column":50},"end":{"line":448,"column":61}},"168":{"start":{"line":449,"column":20},"end":{"line":449,"column":80}},"169":{"start":{"line":450,"column":17},"end":{"line":450,"column":43}},"170":{"start":{"line":451,"column":21},"end":{"line":451,"column":33}},"171":{"start":{"line":452,"column":25},"end":{"line":452,"column":133}},"172":{"start":{"line":452,"column":61},"end":{"line":452,"column":113}},"173":{"start":{"line":453,"column":18},"end":{"line":453,"column":76}},"174":{"start":{"line":45
[...]
"column":22}},"23":{"start":{"line":16,"column":2},"end":{"line":16,"column":15}},"24":{"start":{"line":20,"column":2},"end":{"line":20,"column":62}},"25":{"start":{"line":20,"column":37},"end":{"line":20,"column":60}},"26":{"start":{"line":28,"column":2},"end":{"line":28,"column":52}},"27":{"start":{"line":38,"column":16},"end":{"line":38,"column":35}},"28":{"start":{"line":39,"column":16},"end":{"line":39,"column":35}},"29":{"start":{"line":40,"column":16},"end":{"line":40,"column":37}},"30":{"start":{"line":41,"column":2},"end":{"line":41,"column":113}},"31":{"start":{"line":50,"column":12},"end":{"line":50,"column":31}},"32":{"start":{"line":51,"column":12},"end":{"line":51,"column":31}},"33":{"start":{"line":52,"column":2},"end":{"line":52,"column":74}},"34":{"start":{"line":60,"column":2},"end":{"line":60,"column":92}},"35":{"start":{"line":68,"column":2},"end":{"line":68,"column":92}},"36":{"start":{"line":78,"column":20},"end":{"line":78,"column":34}},"37":{"start":{"line":79,"column":20},"end":{"line":79,"column":37}},"38":{"start":{"line":80,"column":2},"end":{"line":89,"column":14}},"39":{"start":{"line":103,"column":12},"end":{"line":103,"column":31}},"40":{"start":{"line":104,"column":12},"end":{"line":104,"column":31}},"41":{"start":{"line":105,"column":2},"end":{"line":105,"column":79}},"42":{"start":{"line":116,"column":17},"end":{"line":116,"column":36}},"43":{"start":{"line":117,"column":17},"end":{"line":117,"column":36}},"44":{"start":{"line":119,"column":23},"end":{"line":119,"column":109}},"45":{"start":{"line":120,"column":24},"end":{"line":120,"column":110}},"46":{"start":{"line":122,"column":2},"end":{"line":122,"column":44}},"47":{"start":{"line":132,"column":13},"end":{"line":132,"column":27}},"48":{"start":{"line":133,"column":2},"end":{"line":133,"column":94}},"49":{"start":{"line":146,"column":15},"end":{"line":146,"column":34}},"50":{"start":{"line":147,"column":16},"end":{"line":147,"column":35}},"51":{"start":{"line":150,"column":2},"end":{"line":150,"column":91}},"52":{"start":{"line":158,"column":2},"end":{"line":158,"column":40}},"53":{"start":{"line":165,"column":2},"end":{"line":165,"column":37}},"54":{"start":{"line":169,"column":2},"end":{"line":169,"column":58}},"55":{"start":{"line":169,"column":31},"end":{"line":169,"column":58}},"56":{"start":{"line":170,"column":2},"end":{"line":170,"column":54}},"57":{"start":{"line":170,"column":31},"end":{"line":170,"column":54}},"58":{"start":{"line":171,"column":2},"end":{"line":171,"column":24}},"59":{"start":{"line":198,"column":13},"end":{"line":198,"column":32}},"60":{"start":{"line":199,"column":13},"end":{"line":199,"column":32}},"61":{"start":{"line":201,"column":16},"end":{"line":201,"column":71}},"62":{"start":{"line":202,"column":16},"end":{"line":202,"column":71}},"63":{"start":{"line":204,"column":2},"end":{"line":204,"column":25}}},"fnMap":{"0":{"name":"createDepthScale","decl":{"start":{"line":4,"column":16},"end":{"line":4,"column":32}},"loc":{"start":{"line":6,"column":23},"end":{"line":9,"column":1}}},"1":{"name":"buildDepthTicks","decl":{"start":{"line":11,"column":16},"end":{"line":11,"column":31}},"loc":{"start":{"line":11,"column":66},"end":{"line":17,"column":1}}},"2":{"name":"sortCasingsByDepthDesc","decl":{"start":{"line":19,"column":16},"end":{"line":19,"column":38}},"loc":{"start":{"line":19,"column":59},"end":{"line":21,"column":1}}},"3":{"name":"(anonymous_3)","decl":{"start":{"line":20,"column":27},"end":{"line":20,"column":28}},"loc":{"start":{"line":20,"column":37},"end":{"line":20,"column":60}}},"4":{"name":"computeCasingHalfWidth","decl":{"start":{"line":23,"column":16},"end":{"line":23,"column":38}},"loc":{"start":{"line":26,"column":19},"end":{"line":29,"column":1}}},"5":{"name":"buildCasingPath","decl":{"start":{"line":31,"column":16},"end":{"line":31,"column":31}},"loc":{"start":{"line":36,"column":20},"end":{"line":42,"column":1}}},"6":{"name":"buildOpenHolePath","decl":{"start":{"line":44,"column":16},"end":{"line":44,"column":33}},"loc":{"start":{"line":48,"column":18},"end":{"line":53,"column":1}}},"7":{"name":"buildArrowHeadRight","decl":{"start":{"line":55,"column":16},"end":{"line":55,"column":35}},"loc":{"start":{"line":58,"column":10},"end":{"line":61,"column":1}}},"8":{"name":"buildArrowHeadLeft","decl":{"start":{"line":63,"column":16},"end":{"line":63,"column":34}},"loc":{"start":{"line":66,"column":10},"end":{"line":69,"column":1}}},"9":{"name":"buildDepthArrow","decl":{"start":{"line":71,"column":16},"end":{"line":71,"column":31}},"loc":{"start":{"line":76,"column":20},"end":{"line":90,"column":1}}},"10":{"name":"buildRectPath","decl":{"start":{"line":97,"column":16},"end":{"line":97,"column":29}},"loc":{"start":{"line":101,"column":18},"end":{"line":106,"column":1}}},"11":{"name":"buildPackerTriangles","decl":{"start":{"line":109,"column":16},"end":{"line":109,"column":36}},"loc":{"start":{"line":114,"column":19},"end":{"line":123,"column":1}}},"12":{"name":"buildSmallDownArrow","decl":{"start":{"line":126,"column":16},"end":{"line":126,"column":35}},"loc":{"start":{"line":130,"column":18},"end":{"line":134,"column":1}}},"13":{"name":"buildGravelPackUPath","decl":{"start":{"line":140,"column":16},"end":{"line":140,"column":36}},"loc":{"start":{"line":144,"column":18},"end":{"line":151,"column":1}}},"14":{"name":"formatDepth","decl":{"start":{"line":157,"column":16},"end":{"line":157,"column":27}},"loc":{"start":{"line":157,"column":41},"end":{"line":159,"column":1}}},"15":{"name":"openHoleHalfWidth","decl":{"start":{"line":161,"column":16},"end":{"line":161,"column":33}},"loc":{"start":{"line":163,"column":13},"end":{"line":166,"column":1}}},"16":{"name":"casingGradientId","decl":{"start":{"line":168,"column":16},"end":{"line":168,"column":32}},"loc":{"start":{"line":168,"column":48},"end":{"line":172,"column":1}}},"17":{"name":"buildScreenHanger","decl":{"start":{"line":191,"column":16},"end":{"line":191,"column":33}},"loc":{"start":{"line":196,"column":11},"end":{"line":205,"column":1}}}},"branchMap":{"0":{"loc":{"start":{"line":11,"column":52},"end":{"line":11,"column":66}},"type":"default-arg","locations":[{"start":{"line":11,"column":63},"end":{"line":11,"column":66}}]},"1":{"loc":{"start":{"line":58,"column":2},"end":{"line":58,"column":10}},"type":"default-arg","locations":[{"start":{"line":58,"column":9},"end":{"line":58,"column":10}}]},"2":{"loc":{"start":{"line":66,"column":2},"end":{"line":66,"column":10}},"type":"default-arg","locations":[{"start":{"line":66,"column":9},"end":{"line":66,"column":10}}]},"3":{"loc":{"start":{"line":113,"column":2},"end":{"line":113,"column":18}},"type":"default-arg","locations":[{"start":{"line":113,"column":16},"end":{"line":113,"column":18}}]},"4":{"loc":{"start":{"line":114,"column":2},"end":{"line":114,"column":19}},"type":"default-arg","locations":[{"start":{"line":114,"column":17},"end":{"line":114,"column":19}}]},"5":{"loc":{"start":{"line":129,"column":2},"end":{"line":129,"column":17}},"type":"default-arg","locations":[{"start":{"line":129,"column":15},"end":{"line":129,"column":17}}]},"6":{"loc":{"start":{"line":130,"column":2},"end":{"line":130,"column":18}},"type":"default-arg","locations":[{"start":{"line":130,"column":16},"end":{"line":130,"column":18}}]},"7":{"loc":{"start":{"line":163,"column":2},"end":{"line":163,"column":13}},"type":"default-arg","locations":[{"start":{"line":163,"column":11},"end":{"line":163,"column":13}}]},"8":{"loc":{"start":{"line":169,"column":2},"end":{"line":169,"column":58}},"type":"if","locations":[{"start":{"line":169,"column":2},"end":{"line":169,"column":58}}]},"9":{"loc":{"start":{"line":170,"column":2},"end":{"line":170,"column":54}},"type":"if","locations":[{"start":{"line":170,"column":2},"end":{"line":170,"column":54}}]},"10":{"loc":{"start":{"line":195,"column":2},"end":{"line":195,"column":12}},"type":"default-arg","locations":[{"start":{"line":195,"column":11},"end":{"line":195,"column":12}}]},"11":{"loc":{"start":{"line":196,"column":2},"end":{"line":196,"column":11}},"type":"default-arg","locations":[{"start":{"line":196,"column":9},"end":{"line":196,"column":11}}]}},"s":{"0":11,"1":11,"2":11,"3":11,"4":11,"5":11,"6":11,"7":11,"8":11,"9":11,"10":11,"11":11,"12":11,"13":11,"14":11,"15":11,"16":11,"17":11,"18":16,"19":5,"20":5,"21":5,"22":17,"23":5,"24":1,"25":0,"26":88,"27":22,"28":22,"29":22,"30":22,"31":22,"32":22,"33":22,"34":33,"35":0,"36":0,"37":0,"38":0,"39":0,"40":0,"41":0,"42":0,"43":0,"44":0,"45":0,"46":0,"47":0,"48":0,"49":0,"50":0,"51":0,"52":5,"53":44,"54":22,"55":11,"56":11,"57":0,"58":11,"59":11,"60":11,"61":11,"62":11,"63":11},"f":{"0":16,"1":5,"2":1,"3":0,"4":88,"5":22,"6":22,"7":33,"8":0,"9":0,"10":0,"11":0,"12":0,"13":0,"14":5,"15":44,"16":22,"17":11},"b":{"0":[0],"1":[0],"2":[0],"3":[0],"4":[0],"5":[0],"6":[0],"7":[44],"8":[11],"9":[0],"10":[11],"11":[11]}}
,"/Users/junedalam/local-proj/Angular-Practice/src/services/morning-report.service.ts": {"path":"/Users/junedalam/local-proj/Angular-Practice/src/services/morning-report.service.ts","statementMap":{"0":{"start":{"line":1,"column":0},"end":{"line":1,"column":50}},"1":{"start":{"line":2,"column":0},"end":{"line":2,"column":51}},"2":{"start":{"line":3,"column":0},"end":{"line":3,"column":39}},"3":{"start":{"line":12,"column":7},"end":{"line":51,"column":null}},"4":{"start":{"line":15,"column":10},"end":{"line":15,"column":36}},"5":{"start":{"line":40,"column":4},"end":{"line":47,"column":6}},"6":{"start":{"line":41,"column":21},"end":{"line":46,"column":9}},"7":{"start":{"line":41,"column":44},"end":{"line":46,"column":8}},"8":{"start":{"line":12,"column":13},"end":{"line":12,"column":33}},"9":{"start":{"line":12,"column":13},"end":{"line":51,"column":null}}},"fnMap":{"0":{"name":"(anonymous_0)","decl":{"start":{"line":12,"column":7},"end":{"line":12,"column":13}},"loc":{"start":{"line":12,"column":7},"end":{"line":51,"column":1}}},"1":{"name":"(anonymous_1)","decl":{"start":{"line":39,"column":2},"end":{"line":39,"column":18}},"loc":{"start":{"line":39,"column":18},"end":{"line":49,"column":3}}},"2":{"name":"(anonymous_2)","decl":{"start":{"line":41,"column":10},"end":{"line":41,"column":17}},"loc":{"start":{"line":41,"column":21},"end":{"line":46,"column":9}}},"3":{"name":"(anonymous_3)","decl":{"start":{"line":41,"column":33},"end":{"line":41,"column":39}},"loc":{"start":{"line":41,"column":44},"end":{"line":46,"column":8}}}},"branchMap":{"0":{"loc":{"start":{"line":43,"column":23},"end":{"line":43,"column":81}},"type":"cond-expr","locations":[{"start":{"line":43,"column":46},"end":{"line":43,"column":74}},{"start":{"line":43,"column":77},"end":{"line":43,"column":81}}]},"1":{"loc":{"start":{"line":44,"column":21},"end":{"line":44,"column":75}},"type":"cond-expr","locations":[{"start":{"line":44,"column":42},"end":{"line":44,"column":68}},{"start":{"line":44,"column":71},"end":{"line":44,"column":75}}]},"2":{"loc":{"start":{"line":45,"column":20},"end":{"line":45,"column":72}},"type":"cond-expr","locations":[{"start":{"line":45,"column":40},"end":{"line":45,"column":65}},{"start":{"line":45,"column":68},"end":{"line":45,"column":72}}]}},"s":{"0":10,"1":10,"2":10,"3":10,"4":0,"5":0,"6":0,"7":0,"8":10,"9":10},"f":{"0":0,"1":0,"2":0,"3":0},"b":{"0":[0,0],"1":[0,0],"2":[0,0]}}
,"/Users/junedalam/local-proj/Angular-Practice/src/services/well-data.service.ts": {"path":"/Users/junedalam/local-proj/Angular-Practice/src/services/well-data.service.ts","statementMap":{"0":{"start":{"line":1,"column":0},"end":{"line":1,"column":51}},"1":{"start":{"line":2,"column":0},"end":{"line":2,"column":50}},"2":{"start":{"line":3,"column":0},"end":{"line":3,"column":51}},"3":{"start":{"line":11,"column":7},"end":{"line":72,"column":null}},"4":{"start":{"line":12,"column":19},"end":{"line":12,"column":45}},"5":{"start":{"line":13,"column":2},"end":{"line":13,"column":14}},"6":{"start":{"line":16,"column":4},"end":{"line":16,"column":69}},"7":{"start":{"line":29,"column":22},"end":{"line":29,"column":40}},"8":{"start":{"line":30,"column":20},"end":{"line":30,"column":54}},"9":{"start":{"line":31,"column":22},"end":{"line":31,"column":65}},"10":{"start":{"line":33,"column":4},"end":{"line":45,"column":8}},"11":{"start":{"line":36,"column":21},"end":{"line":36,"column":32}},"12":{"start":{"line":39,"column":10},"end":{"line":43,"column":14}},"13":{"start":{"line":42,"column":27},"end":{"line":42,"column":38}},"14":{"start":{"line":55,"column":17},"end":{"line":55,"column":35}},"15":{"start":{"line":56,"column":18},"end":{"line":56,"column":62}},"16":{"start":{"line":57,"column":16},"end":{"line":57,"column":55}},"17":{"start":{"line":58,"column":4},"end":{"line":58,"column":35}},"18":{"start":{"line":63,"column":4},"end":{"line":70,"column":6}},"19":{"start":{"line":64,"column":21},"end":{"line":69,"column":9}},"20":{"start":{"line":64,"column":44},"end":{"line":69,"column":8}},"21":{"start":{"line":11,"column":13},"end":{"line":11,"column":28}},"22":{"start":{"line":11,"column":13},"end":{"line":72,"column":null}}},"fnMap":{"0":{"name":"(anonymous_0)","decl":{"start":{"line":11,"column":7},"end":{"line":11,"column":13}},"loc":{"start":{"line":11,"column":7},"end":{"line":72,"column":1}}},"1":{"name":"(anonymous_1)","decl":{"start":{"line":15,"column":2},"end":{"line":15,"column":14}},"loc":{"start":{"line":15,"column":14},"end":{"line":17,"column":3}}},"2":{"name":"(anonymous_2)","decl":{"start":{"line":28,"column":2},"end":{"line":28,"column":16}},"loc":{"start":{"line":28,"column":44},"end":{"line":46,"column":3}}},"3":{"name":"(anonymous_3)","decl":{"start":{"line":36,"column":12},"end":{"line":36,"column":13}},"loc":{"start":{"line":36,"column":21},"end":{"line":36,"column":32}}},"4":{"name":"(anonymous_4)","decl":{"start":{"line":37,"column":19},"end":{"line":37,"column":22}},"loc":{"start":{"line":37,"column":24},"end":{"line":44,"column":9}}},"5":{"name":"(anonymous_5)","decl":{"start":{"line":42,"column":18},"end":{"line":42,"column":19}},"loc":{"start":{"line":42,"column":27},"end":{"line":42,"column":38}}},"6":{"name":"(anonymous_6)","decl":{"start":{"line":54,"column":10},"end":{"line":54,"column":28}},"loc":{"start":{"line":54,"column":39},"end":{"line":59,"column":3}}},"7":{"name":"(anonymous_7)","decl":{"start":{"line":62,"column":2},"end":{"line":62,"column":18}},"loc":{"start":{"line":62,"column":18},"end":{"line":71,"column":3}}},"8":{"name":"(anonymous_8)","decl":{"start":{"line":64,"column":10},"end":{"line":64,"column":17}},"loc":{"start":{"line":64,"column":21},"end":{"line":69,"column":9}}},"9":{"name":"(anonymous_9)","decl":{"start":{"line":64,"column":33},"end":{"line":64,"column":39}},"loc":{"start":{"line":64,"column":44},"end":{"line":69,"column":8}}}},"branchMap":{"0":{"loc":{"start":{"line":29,"column":22},"end":{"line":29,"column":40}},"type":"binary-expr","locations":[{"start":{"line":29,"column":22},"end":{"line":29,"column":26}},{"start":{"line":29,"column":30},"end":{"line":29,"column":40}}]},"1":{"loc":{"start":{"line":66,"column":23},"end":{"line":66,"column":81}},"type":"cond-expr","locations":[{"start":{"line":66,"column":46},"end":{"line":66,"column":74}},{"start":{"line":66,"column":77},"end":{"line":66,"column":81}}]},"2":{"loc":{"start":{"line":67,"column":21},"end":{"line":67,"column":75}},"type":"cond-expr","locations":[{"start":{"line":67,"column":42},"end":{"line":67,"column":68}},{"start":{"line":67,"column":71},"end":{"line":67,"column":75}}]},"3":{"loc":{"start":{"line":68,"column":20},"end":{"line":68,"column":72}},"type":"cond-expr","locations":[{"start":{"line":68,"column":40},"end":{"line":68,"column":65}},{"start":{"line":68,"column":68},"end":{"line":68,"column":72}}]}},"s":{"0":10,"1":10,"2":10,"3":10,"4":0,"5":0,"6":0,"7":0,"8":0,"9":0,"10":0,"11":0,"12":0,"13":0,"14":0,"15":0,"16":0,"17":0,"18":0,"19":0,"20":0,"21":10,"22":10},"f":{"0":0,"1":0,"2":0,"3":0,"4":0,"5":0,"6":0,"7":0,"8":0,"9":0},"b":{"0":[0,0],"1":[0,0],"2":[0,0],"3":[0,0]}}
,"/Users/junedalam/local-proj/Angular-Practice/src/utils/date.util.ts": {"path":"/Users/junedalam/local-proj/Angular-Practice/src/utils/date.util.ts","statementMap":{"0":{"start":{"line":7,"column":0},"end":{"line":7,"column":16}},"1":{"start":{"line":23,"column":0},"end":{"line":23,"column":16}},"2":{"start":{"line":37,"column":0},"end":{"line":37,"column":16}},"3":{"start":{"line":55,"column":0},"end":{"line":55,"column":16}},"4":{"start":{"line":67,"column":0},"end":{"line":67,"column":16}},"5":{"start":{"line":82,"column":0},"end":{"line":82,"column":16}},"6":{"start":{"line":8,"column":2},"end":{"line":8,"column":23}},"7":{"start":{"line":8,"column":13},"end":{"line":8,"column":23}},"8":{"start":{"line":10,"column":15},"end":{"line":10,"column":33}},"9":{"start":{"line":11,"column":16},"end":{"line":11,"column":60}},"10":{"start":{"line":12,"column":14},"end":{"line":12,"column":53}},"11":{"start":{"line":14,"column":2},"end":{"line":14,"column":35}},"12":{"start":{"line":24,"column":2},"end":{"line":24,"column":36}},"13":{"start":{"line":24,"column":18},"end":{"line":24,"column":36}},"14":{"start":{"line":27,"column":29},"end":{"line":27,"column":61}},"15":{"start":{"line":28,"column":2},"end":{"line":28,"column":40}},"16":{"start":{"line":38,"column":2},"end":{"line":38,"column":23}},"17":{"start":{"line":38,"column":13},"end":{"line":38,"column":23}},"18":{"start":{"line":40,"column":46},"end":{"line":44,"column":4}},"19":{"start":{"line":46,"column":2},"end":{"line":46,"column":64}},"20":{"start":{"line":56,"column":16},"end":{"line":56,"column":26}},"21":{"start":{"line":57,"column":2},"end":{"line":57,"column":29}},"22":{"start":{"line":58,"column":2},"end":{"line":58,"column":15}},"23":{"start":{"line":68,"column":16},"end":{"line":68,"column":36}},"24":{"start":{"line":69,"column":20},"end":{"line":69,"column":34}},"25":{"start":{"line":70,"column":2},"end":{"line":70,"column":33}},"26":{"start":{"line":72,"column":2},"end":{"line":72,"column":49}},"27":{"start":{"line":83,"column":17},"end":{"line":83,"column":31}},"28":{"start":{"line":84,"column":2},"end":{"line":84,"column":42}},"29":{"start":{"line":85,"column":2},"end":{"line":85,"column":16}}},"fnMap":{"0":{"name":"formatDateForInput","decl":{"start":{"line":7,"column":16},"end":{"line":7,"column":34}},"loc":{"start":{"line":7,"column":45},"end":{"line":15,"column":1}}},"1":{"name":"parseDateFromInput","decl":{"start":{"line":23,"column":16},"end":{"line":23,"column":34}},"loc":{"start":{"line":23,"column":52},"end":{"line":29,"column":1}}},"2":{"name":"formatDateDisplay","decl":{"start":{"line":37,"column":16},"end":{"line":37,"column":33}},"loc":{"start":{"line":37,"column":44},"end":{"line":47,"column":1}}},"3":{"name":"getTodayAtMidnight","decl":{"start":{"line":55,"column":16},"end":{"line":55,"column":34}},"loc":{"start":{"line":55,"column":34},"end":{"line":59,"column":1}}},"4":{"name":"isToday","decl":{"start":{"line":67,"column":16},"end":{"line":67,"column":23}},"loc":{"start":{"line":67,"column":34},"end":{"line":73,"column":1}}},"5":{"name":"addDays","decl":{"start":{"line":82,"column":16},"end":{"line":82,"column":23}},"loc":{"start":{"line":82,"column":48},"end":{"line":86,"column":1}}}},"branchMap":{"0":{"loc":{"start":{"line":8,"column":2},"end":{"line":8,"column":23}},"type":"if","locations":[{"start":{"line":8,"column":2},"end":{"line":8,"column":23}}]},"1":{"loc":{"start":{"line":24,"column":2},"end":{"line":24,"column":36}},"type":"if","locations":[{"start":{"line":24,"column":2},"end":{"line":24,"column":36}}]},"2":{"loc":{"start":{"line":38,"column":2},"end":{"line":38,"column":23}},"type":"if","locations":[{"start":{"line":38,"column":2},"end":{"line":38,"column":23}}]}},"s":{"0":10,"1":10,"2":10,"3":10,"4":10,"5":10,"6":0,"7":0,"8":0,"9":0,"10":0,"11":0,"12":0,"13":0,"14":0,"15":0,"16":0,"17":0,"18":0,"19":0,"20":0,"21":0,"22":0,"23":0,"24":0,"25":0,"26":0,"27":0,"28":0,"29":0},"f":{"0":0,"1":0,"2":0,"3":0,"4":0,"5":0},"b":{"0":[0],"1":[0],"2":[0]}}
}
