TN:
SF:src/app/core/store/well.actions.ts
FNF:0
FNH:0
DA:5,11
DA:13,11
LF:2
LH:2
BRF:0
BRH:0
end_of_record
TN:
SF:src/app/core/store/well.selectors.ts
FN:16,uniqueByWellName
FN:18,(anonymous_1)
FN:25,selectTotalPages
FN:29,selectPagedWellNames
FN:33,selectHasPrevPage
FN:37,selectHasNextPage
FN:43,selectTotalDepth
FN:47,selectDiagramData
FN:53,(anonymous_8)
FN:58,(anonymous_9)
FN:65,selectMiscWellData
FN:88,selectPickedFormations
FN:89,(anonymous_12)
FN:96,selectOffsetWells
FN:98,(anonymous_14)
FN:99,(anonymous_15)
FN:113,selectWellLogsIndicators
FN:123,selectWellTestResults
FN:125,(anonymous_18)
FNF:19
FNH:17
FNDA:2,uniqueByWellName
FNDA:18,(anonymous_1)
FNDA:4,selectTotalPages
FNDA:2,selectPagedWellNames
FNDA:2,selectHasPrevPage
FNDA:2,selectHasNextPage
FNDA:3,selectTotalDepth
FNDA:2,selectDiagramData
FNDA:0,(anonymous_8)
FNDA:0,(anonymous_9)
FNDA:3,selectMiscWellData
FNDA:1,selectPickedFormations
FNDA:1,(anonymous_12)
FNDA:1,selectOffsetWells
FNDA:1,(anonymous_14)
FNDA:1,(anonymous_15)
FNDA:1,selectWellLogsIndicators
FNDA:1,selectWellTestResults
FNDA:1,(anonymous_18)
DA:7,11
DA:13,11
DA:14,11
DA:16,11
DA:17,2
DA:18,2
DA:19,18
DA:20,17
DA:21,17
DA:25,11
DA:26,4
DA:29,11
DA:30,2
DA:33,11
DA:34,2
DA:37,11
DA:38,2
DA:43,11
DA:44,3
DA:47,11
DA:48,2
DA:49,1
DA:53,0
DA:58,0
DA:65,11
DA:66,3
DA:67,2
DA:68,2
DA:69,2
DA:88,11
DA:89,1
DA:96,11
DA:97,1
DA:98,1
DA:99,1
DA:100,1
DA:113,11
DA:114,1
DA:115,1
DA:116,1
DA:123,11
DA:124,1
DA:125,1
LF:43
LH:41
BRDA:19,0,0,1
BRDA:44,1,0,3
BRDA:44,1,1,2
BRDA:48,2,0,1
BRDA:50,3,0,1
BRDA:50,3,1,0
BRDA:51,4,0,1
BRDA:51,4,1,0
BRDA:52,5,0,1
BRDA:52,5,1,1
BRDA:53,6,0,1
BRDA:53,6,1,1
BRDA:54,7,0,1
BRDA:54,7,1,1
BRDA:55,8,0,1
BRDA:55,8,1,0
BRDA:56,9,0,1
BRDA:56,9,1,1
BRDA:57,10,0,1
BRDA:57,10,1,0
BRDA:58,11,0,1
BRDA:58,11,1,1
BRDA:66,12,0,1
BRDA:70,13,0,2
BRDA:70,13,1,1
BRDA:71,14,0,2
BRDA:71,14,1,1
BRDA:72,15,0,2
BRDA:72,15,1,1
BRDA:74,16,0,2
BRDA:74,16,1,1
BRDA:75,17,0,2
BRDA:75,17,1,2
BRDA:75,17,2,1
BRDA:76,18,0,2
BRDA:76,18,1,1
BRDA:77,19,0,2
BRDA:77,19,1,1
BRDA:78,20,0,2
BRDA:78,20,1,2
BRDA:78,20,2,1
BRDA:80,21,0,2
BRDA:80,21,1,1
BRDA:81,22,0,2
BRDA:81,22,1,2
BRDA:82,23,0,2
BRDA:82,23,1,1
BRDA:83,24,0,2
BRDA:83,24,1,2
BRDA:84,25,0,2
BRDA:84,25,1,1
BRDA:89,26,0,1
BRDA:89,26,1,0
BRDA:90,27,0,1
BRDA:90,27,1,0
BRDA:91,28,0,1
BRDA:91,28,1,0
BRDA:92,29,0,1
BRDA:92,29,1,0
BRDA:97,30,0,0
BRDA:98,31,0,1
BRDA:98,31,1,0
BRDA:99,32,0,1
BRDA:99,32,1,0
BRDA:102,33,0,1
BRDA:102,33,1,1
BRDA:102,33,2,1
BRDA:103,34,0,1
BRDA:103,34,1,1
BRDA:104,35,0,1
BRDA:104,35,1,1
BRDA:105,36,0,1
BRDA:105,36,1,1
BRDA:106,37,0,1
BRDA:106,37,1,1
BRDA:107,38,0,1
BRDA:107,38,1,0
BRDA:108,39,0,1
BRDA:108,39,1,0
BRDA:108,39,2,0
BRDA:114,40,0,0
BRDA:124,41,0,0
BRDA:125,42,0,1
BRDA:125,42,1,0
BRDA:126,43,0,1
BRDA:126,43,1,1
BRDA:127,44,0,1
BRDA:127,44,1,0
BRDA:128,45,0,1
BRDA:128,45,1,1
BRDA:129,46,0,1
BRDA:129,46,1,1
BRDA:130,47,0,1
BRDA:130,47,1,0
BRDA:131,48,0,1
BRDA:131,48,1,1
BRDA:132,49,0,1
BRDA:132,49,1,1
BRDA:133,50,0,1
BRDA:133,50,1,1
BRDA:134,51,0,1
BRDA:134,51,1,1
BRF:102
BRH:83
end_of_record
TN:
SF:src/app/core/store/well.store.ts
FN:258,(anonymous_0)
FN:258,(anonymous_1)
FN:49,logMissingKeys
FN:50,(anonymous_3)
FN:51,(anonymous_4)
FN:130,(anonymous_5)
FN:131,(anonymous_6)
FN:134,(anonymous_7)
FN:135,(anonymous_8)
FN:136,(anonymous_9)
FN:137,(anonymous_10)
FN:138,(anonymous_11)
FN:139,(anonymous_12)
FN:140,(anonymous_13)
FN:141,(anonymous_14)
FN:142,(anonymous_15)
FN:143,(anonymous_16)
FN:144,(anonymous_17)
FN:145,(anonymous_18)
FN:146,(anonymous_19)
FN:147,(anonymous_20)
FN:151,(anonymous_21)
FN:156,firstOnPage
FN:162,(anonymous_23)
FN:171,(anonymous_24)
FN:174,(anonymous_25)
FN:182,(anonymous_26)
FN:196,(anonymous_27)
FN:199,(anonymous_28)
FN:202,(anonymous_29)
FN:203,(anonymous_30)
FN:206,(anonymous_31)
FN:212,(anonymous_32)
FN:227,(anonymous_33)
FN:234,(anonymous_34)
FN:237,(anonymous_35)
FN:243,(anonymous_36)
FN:253,(anonymous_37)
FN:254,(anonymous_38)
FNF:39
FNH:21
FNDA:0,(anonymous_0)
FNDA:0,(anonymous_1)
FNDA:5,logMissingKeys
FNDA:70,(anonymous_3)
FNDA:70,(anonymous_4)
FNDA:6,(anonymous_5)
FNDA:1,(anonymous_6)
FNDA:0,(anonymous_7)
FNDA:0,(anonymous_8)
FNDA:0,(anonymous_9)
FNDA:0,(anonymous_10)
FNDA:0,(anonymous_11)
FNDA:0,(anonymous_12)
FNDA:0,(anonymous_13)
FNDA:0,(anonymous_14)
FNDA:0,(anonymous_15)
FNDA:0,(anonymous_16)
FNDA:0,(anonymous_17)
FNDA:0,(anonymous_18)
FNDA:0,(anonymous_19)
FNDA:0,(anonymous_20)
FNDA:6,(anonymous_21)
FNDA:2,firstOnPage
FNDA:6,(anonymous_23)
FNDA:6,(anonymous_24)
FNDA:5,(anonymous_25)
FNDA:1,(anonymous_26)
FNDA:3,(anonymous_27)
FNDA:3,(anonymous_28)
FNDA:2,(anonymous_29)
FNDA:17,(anonymous_30)
FNDA:2,(anonymous_31)
FNDA:1,(anonymous_32)
FNDA:0,(anonymous_33)
FNDA:0,(anonymous_34)
FNDA:1,(anonymous_35)
FNDA:1,(anonymous_36)
FNDA:6,(anonymous_37)
FNDA:6,(anonymous_38)
DA:1,10
DA:2,10
DA:10,10
DA:11,10
DA:12,10
DA:19,10
DA:20,10
DA:21,10
DA:23,10
DA:24,10
DA:40,10
DA:42,10
DA:50,70
DA:51,70
DA:52,5
DA:53,5
DA:54,5
DA:115,10
DA:126,10
DA:131,6
DA:132,6
DA:134,0
DA:135,0
DA:136,0
DA:137,0
DA:138,0
DA:139,0
DA:140,0
DA:141,0
DA:142,0
DA:143,0
DA:144,0
DA:145,0
DA:146,0
DA:147,0
DA:157,2
DA:160,6
DA:163,6
DA:172,6
DA:175,5
DA:176,5
DA:183,1
DA:194,6
DA:197,3
DA:200,3
DA:203,17
DA:207,2
DA:208,2
DA:209,2
DA:213,1
DA:224,6
DA:228,0
DA:230,0
DA:231,0
DA:235,0
DA:238,1
DA:239,1
DA:240,1
DA:241,1
DA:244,1
DA:245,1
DA:246,1
DA:247,1
DA:258,10
LF:64
LH:46
BRDA:51,0,0,70
BRDA:51,0,1,1
BRDA:52,1,0,5
BRDA:53,2,0,0
BRDA:54,3,0,0
BRDA:54,4,0,5
BRDA:54,4,1,0
BRDA:146,5,0,0
BRDA:146,5,1,0
BRDA:147,6,0,0
BRDA:147,6,1,0
BRDA:153,7,0,6
BRDA:154,8,0,6
BRDA:165,9,0,6
BRDA:165,9,1,4
BRDA:184,10,0,1
BRDA:184,10,1,0
BRDA:208,11,0,2
BRDA:208,12,0,2
BRDA:208,12,1,2
BRDA:214,13,0,1
BRDA:214,13,1,0
BRDA:230,14,0,0
BRDA:241,15,0,1
BRDA:247,16,0,1
BRF:25
BRH:15
end_of_record
TN:
SF:src/app/core/store/theme/theme.store.ts
FN:21,getInitialTheme
FN:35,(anonymous_1)
FN:39,(anonymous_2)
FN:40,(anonymous_3)
FN:41,(anonymous_4)
FN:44,(anonymous_5)
FN:45,(anonymous_6)
FN:51,(anonymous_7)
FN:58,(anonymous_8)
FN:59,(anonymous_9)
FN:61,(anonymous_10)
FNF:11
FNH:9
FNDA:2,getInitialTheme
FNDA:2,(anonymous_1)
FNDA:2,(anonymous_2)
FNDA:2,(anonymous_3)
FNDA:2,(anonymous_4)
FNDA:2,(anonymous_5)
FNDA:0,(anonymous_6)
FNDA:0,(anonymous_7)
FNDA:2,(anonymous_8)
FNDA:2,(anonymous_9)
FNDA:2,(anonymous_10)
DA:1,2
DA:2,2
DA:3,2
DA:15,2
DA:22,2
DA:23,2
DA:24,2
DA:26,0
DA:30,2
DA:35,2
DA:39,2
DA:40,2
DA:41,2
DA:44,2
DA:46,0
DA:47,0
DA:48,0
DA:49,0
DA:52,0
DA:53,0
DA:54,0
DA:58,2
DA:60,2
DA:61,2
DA:62,2
LF:25
LH:17
BRDA:24,0,0,0
BRDA:24,0,1,2
BRDA:46,1,0,0
BRDA:46,1,1,0
BRF:4
BRH:1
end_of_record
TN:
SF:src/app/features/dashboard/dashboard.component.html
FNF:0
FNH:0
DA:1,1
LF:1
LH:1
BRF:0
BRH:0
end_of_record
TN:
SF:src/app/features/dashboard/dashboard.component.ts
FN:25,(anonymous_0)
FN:28,(anonymous_1)
FN:29,(anonymous_2)
FN:35,(anonymous_3)
FN:36,(anonymous_4)
FN:39,(anonymous_5)
FNF:6
FNH:1
FNDA:1,(anonymous_0)
FNDA:0,(anonymous_1)
FNDA:0,(anonymous_2)
FNDA:0,(anonymous_3)
FNDA:0,(anonymous_4)
FNDA:0,(anonymous_5)
DA:1,1
DA:7,1
DA:8,1
DA:9,1
DA:10,1
DA:20,1
DA:21,1
DA:22,1
DA:23,1
DA:27,1
DA:28,0
DA:30,0
DA:31,0
DA:36,0
DA:40,0
DA:41,0
LF:16
LH:10
BRDA:30,0,0,0
BRDA:30,0,1,0
BRF:2
BRH:0
end_of_record
TN:
SF:src/app/features/dashboard/left-sidenav/left-sidenav.component.html
FNF:0
FNH:0
DA:1,2
LF:1
LH:1
BRF:0
BRH:0
end_of_record
TN:
SF:src/app/features/dashboard/left-sidenav/left-sidenav.component.ts
FN:25,(anonymous_0)
FN:60,(anonymous_1)
FNF:2
FNH:1
FNDA:2,(anonymous_0)
FNDA:0,(anonymous_1)
DA:1,2
DA:7,2
DA:25,2
DA:26,2
DA:27,2
DA:28,2
DA:30,2
DA:61,0
LF:8
LH:7
BRF:0
BRH:0
end_of_record
TN:
SF:src/app/features/dashboard/top-navbar/top-navbar.component.html
FNF:0
FNH:0
DA:1,2
LF:1
LH:1
BRF:0
BRH:0
end_of_record
TN:
SF:src/app/features/dashboard/top-navbar/top-navbar.component.ts
FN:20,(anonymous_0)
FNF:1
FNH:1
FNDA:2,(anonymous_0)
DA:1,2
DA:8,2
DA:9,2
DA:10,2
DA:20,2
DA:21,2
DA:22,2
DA:24,2
DA:26,2
DA:27,2
DA:28,2
LF:11
LH:11
BRF:0
BRH:0
end_of_record
TN:
SF:src/app/features/home/home.component.html
FNF:0
FNH:0
DA:1,1
LF:1
LH:1
BRF:0
BRH:0
end_of_record
TN:
SF:src/app/features/home/home.component.ts
FN:23,(anonymous_0)
FN:54,(anonymous_1)
FNF:2
FNH:1
FNDA:1,(anonymous_0)
FNDA:0,(anonymous_1)
DA:1,1
DA:6,1
DA:23,1
DA:24,1
DA:26,1
DA:55,0
LF:6
LH:5
BRF:0
BRH:0
end_of_record
TN:
SF:src/app/features/maps/maps.component.html
FNF:0
FNH:0
DA:1,1
LF:1
LH:1
BRF:0
BRH:0
end_of_record
TN:
SF:src/app/features/maps/maps.component.ts
FNF:0
FNH:0
DA:1,1
DA:10,1
LF:2
LH:2
BRF:0
BRH:0
end_of_record
TN:
SF:src/app/features/presentation/active-wwell-map/active-wwell-map.component.html
FNF:0
FNH:0
DA:1,1
LF:1
LH:1
BRF:0
BRH:0
end_of_record
TN:
SF:src/app/features/presentation/active-wwell-map/active-wwell-map.component.ts
FN:11,(anonymous_0)
FNF:1
FNH:1
FNDA:1,(anonymous_0)
DA:1,1
DA:2,1
DA:11,1
DA:12,1
LF:4
LH:4
BRF:0
BRH:0
end_of_record
TN:
SF:src/app/features/presentation/depth-scale/depth-scale.component.html
FNF:0
FNH:0
DA:1,1
LF:1
LH:1
BRF:0
BRH:0
end_of_record
TN:
SF:src/app/features/presentation/depth-scale/depth-scale.component.ts
FN:34,(anonymous_0)
FN:35,(anonymous_1)
FN:48,(anonymous_2)
FN:69,(anonymous_3)
FN:86,(anonymous_4)
FNF:5
FNH:5
FNDA:4,(anonymous_0)
FNDA:5,(anonymous_1)
FNDA:5,(anonymous_2)
FNDA:5,(anonymous_3)
FNDA:17,(anonymous_4)
DA:1,1
DA:10,1
DA:11,1
DA:12,1
DA:14,1
DA:15,1
DA:16,1
DA:25,1
DA:26,4
DA:27,4
DA:28,4
DA:30,4
DA:32,4
DA:35,4
DA:36,5
DA:37,5
DA:38,5
DA:40,5
DA:41,5
DA:49,5
DA:51,5
DA:52,5
DA:54,5
DA:60,5
DA:61,5
DA:62,5
DA:64,5
DA:70,5
DA:71,5
DA:74,5
DA:75,5
DA:86,5
DA:87,17
DA:88,17
DA:90,17
DA:95,17
DA:99,17
DA:105,17
DA:109,17
DA:115,5
LF:40
LH:40
BRDA:40,0,0,5
BRDA:103,1,0,5
BRDA:103,1,1,12
BRF:3
BRH:3
end_of_record
TN:
SF:src/app/features/presentation/misc-pres-well-data/misc-pres-well-data.component.html
FNF:0
FNH:0
DA:1,1
LF:1
LH:1
BRF:0
BRH:0
end_of_record
TN:
SF:src/app/features/presentation/misc-pres-well-data/misc-pres-well-data.component.ts
FN:18,(anonymous_0)
FNF:1
FNH:1
FNDA:7,(anonymous_0)
DA:6,1
DA:7,1
DA:8,1
DA:18,1
DA:19,7
LF:5
LH:5
BRF:0
BRH:0
end_of_record
TN:
SF:src/app/features/presentation/offset-wwells/offset-wwells.component.html
FNF:0
FNH:0
DA:1,1
LF:1
LH:1
BRF:0
BRH:0
end_of_record
TN:
SF:src/app/features/presentation/offset-wwells/offset-wwells.component.ts
FN:21,(anonymous_0)
FN:25,(anonymous_1)
FNF:2
FNH:2
FNDA:6,(anonymous_0)
FNDA:2,(anonymous_1)
DA:6,1
DA:7,1
DA:8,1
DA:9,1
DA:10,1
DA:11,1
DA:21,1
DA:22,6
DA:23,6
DA:26,2
DA:27,1
DA:29,1
LF:12
LH:12
BRDA:26,0,0,1
BRDA:26,0,1,1
BRDA:27,1,0,1
BRDA:27,1,1,0
BRF:4
BRH:3
end_of_record
TN:
SF:src/app/features/presentation/picked-formation-tops/picked-formation-tops.component.html
FNF:0
FNH:0
DA:1,1
LF:1
LH:1
BRF:0
BRH:0
end_of_record
TN:
SF:src/app/features/presentation/picked-formation-tops/picked-formation-tops.component.ts
FN:22,(anonymous_0)
FN:74,(anonymous_1)
FN:79,(anonymous_2)
FN:27,(anonymous_3)
FN:28,(anonymous_4)
FN:39,(anonymous_5)
FNF:6
FNH:5
FNDA:5,(anonymous_0)
FNDA:2,(anonymous_1)
FNDA:0,(anonymous_2)
FNDA:5,(anonymous_3)
FNDA:6,(anonymous_4)
FNDA:1,(anonymous_5)
DA:1,1
DA:9,1
DA:10,1
DA:11,1
DA:22,1
DA:23,5
DA:24,5
DA:25,5
DA:28,5
DA:30,6
DA:31,6
DA:33,6
DA:34,1
DA:40,1
DA:41,1
DA:42,1
DA:46,5
DA:66,5
DA:74,2
DA:79,0
DA:84,5
LF:21
LH:20
BRDA:74,0,0,1
BRDA:74,0,1,1
BRDA:79,1,0,0
BRDA:79,1,1,0
BRDA:33,2,0,1
BRDA:33,3,0,6
BRDA:33,3,1,1
BRDA:41,4,0,1
BRF:8
BRH:6
end_of_record
TN:
SF:src/app/features/presentation/well-bore-view/well-bore-view.component.ts
FN:53,(anonymous_0)
FN:54,(anonymous_1)
FN:71,(anonymous_2)
FN:88,(anonymous_3)
FN:100,(anonymous_4)
FN:135,(anonymous_5)
FN:190,(anonymous_6)
FN:207,(anonymous_7)
FN:213,(anonymous_8)
FN:218,(anonymous_9)
FN:219,(anonymous_10)
FN:224,(anonymous_11)
FN:246,(anonymous_12)
FN:252,(anonymous_13)
FN:258,(anonymous_14)
FN:259,(anonymous_15)
FN:301,(anonymous_16)
FN:310,(anonymous_17)
FN:333,(anonymous_18)
FN:370,(anonymous_19)
FN:377,(anonymous_20)
FN:429,(anonymous_21)
FN:446,(anonymous_22)
FN:452,(anonymous_23)
FN:453,(anonymous_24)
FN:477,(anonymous_25)
FN:482,(anonymous_26)
FN:491,(anonymous_27)
FN:500,(anonymous_28)
FN:513,(anonymous_29)
FN:526,(anonymous_30)
FN:537,(anonymous_31)
FN:547,(anonymous_32)
FN:547,(anonymous_33)
FN:559,(anonymous_34)
FN:618,(anonymous_35)
FNF:36
FNH:33
FNDA:10,(anonymous_0)
FNDA:11,(anonymous_1)
FNDA:10,(anonymous_2)
FNDA:11,(anonymous_3)
FNDA:22,(anonymous_4)
FNDA:10,(anonymous_5)
FNDA:30,(anonymous_6)
FNDA:30,(anonymous_7)
FNDA:120,(anonymous_8)
FNDA:55,(anonymous_9)
FNDA:110,(anonymous_10)
FNDA:11,(anonymous_11)
FNDA:11,(anonymous_12)
FNDA:11,(anonymous_13)
FNDA:10,(anonymous_14)
FNDA:20,(anonymous_15)
FNDA:11,(anonymous_16)
FNDA:22,(anonymous_17)
FNDA:0,(anonymous_18)
FNDA:11,(anonymous_19)
FNDA:22,(anonymous_20)
FNDA:11,(anonymous_21)
FNDA:11,(anonymous_22)
FNDA:11,(anonymous_23)
FNDA:22,(anonymous_24)
FNDA:11,(anonymous_25)
FNDA:11,(anonymous_26)
FNDA:11,(anonymous_27)
FNDA:55,(anonymous_28)
FNDA:22,(anonymous_29)
FNDA:22,(anonymous_30)
FNDA:22,(anonymous_31)
FNDA:0,(anonymous_32)
FNDA:0,(anonymous_33)
FNDA:11,(anonymous_34)
FNDA:11,(anonymous_35)
DA:1,1
DA:10,1
DA:11,1
DA:12,1
DA:14,1
DA:15,1
DA:18,1
DA:42,1
DA:43,10
DA:44,10
DA:45,10
DA:47,10
DA:49,10
DA:54,10
DA:55,11
DA:56,11
DA:58,11
DA:61,11
DA:62,10
DA:65,11
DA:66,11
DA:72,10
DA:73,10
DA:75,10
DA:80,10
DA:81,10
DA:83,10
DA:89,11
DA:91,11
DA:92,11
DA:94,11
DA:95,11
DA:96,11
DA:99,11
DA:100,22
DA:103,11
DA:104,11
DA:105,11
DA:106,11
DA:107,11
DA:108,11
DA:109,11
DA:110,11
DA:111,11
DA:112,11
DA:113,11
DA:114,11
DA:115,11
DA:118,11
DA:119,11
DA:120,11
DA:121,11
DA:122,11
DA:123,11
DA:124,11
DA:125,11
DA:127,11
DA:128,11
DA:129,11
DA:131,11
DA:132,11
DA:136,10
DA:142,10
DA:148,10
DA:155,10
DA:159,10
DA:166,10
DA:172,10
DA:177,10
DA:182,10
DA:187,10
DA:190,10
DA:191,30
DA:201,10
DA:202,10
DA:204,10
DA:212,30
DA:213,30
DA:214,120
DA:219,110
DA:220,55
DA:221,55
DA:225,11
DA:230,11
DA:236,11
DA:241,11
DA:247,11
DA:248,11
DA:258,11
DA:259,11
DA:260,20
DA:261,20
DA:262,20
DA:267,20
DA:268,10
DA:277,20
DA:282,20
DA:288,20
DA:294,20
DA:309,11
DA:310,11
DA:311,22
DA:312,22
DA:313,22
DA:314,22
DA:315,22
DA:316,22
DA:317,22
DA:318,22
DA:322,22
DA:332,22
DA:333,0
DA:334,0
DA:335,0
DA:336,0
DA:337,0
DA:338,0
DA:339,0
DA:340,0
DA:347,0
DA:353,22
DA:361,22
DA:376,11
DA:377,11
DA:378,22
DA:379,22
DA:380,22
DA:381,22
DA:382,22
DA:383,22
DA:384,0
DA:386,22
DA:389,22
DA:390,22
DA:391,22
DA:394,22
DA:398,22
DA:401,22
DA:402,0
DA:407,22
DA:411,22
DA:412,22
DA:417,22
DA:425,22
DA:430,11
DA:431,11
DA:432,11
DA:433,11
DA:434,11
DA:435,11
DA:436,11
DA:437,11
DA:438,11
DA:439,11
DA:440,11
DA:441,11
DA:442,11
DA:443,11
DA:447,11
DA:448,11
DA:449,11
DA:450,11
DA:451,11
DA:452,11
DA:453,22
DA:454,11
DA:455,11
DA:456,11
DA:457,11
DA:458,11
DA:460,11
DA:461,11
DA:462,11
DA:463,11
DA:464,11
DA:465,11
DA:466,11
DA:467,11
DA:468,11
DA:469,11
DA:470,11
DA:471,11
DA:472,11
DA:473,11
DA:474,11
DA:478,11
DA:479,11
DA:480,11
DA:481,11
DA:482,11
DA:483,11
DA:484,11
DA:485,11
DA:486,11
DA:487,11
DA:488,11
DA:492,11
DA:493,11
DA:494,11
DA:495,11
DA:496,11
DA:497,11
DA:498,11
DA:499,11
DA:500,11
DA:501,55
DA:502,55
DA:503,55
DA:504,55
DA:505,55
DA:507,11
DA:508,11
DA:509,11
DA:512,11
DA:513,22
DA:514,11
DA:515,11
DA:516,11
DA:517,11
DA:518,11
DA:519,11
DA:520,11
DA:521,11
DA:522,22
DA:523,22
DA:524,22
DA:526,11
DA:527,22
DA:528,22
DA:529,22
DA:530,22
DA:531,22
DA:532,22
DA:533,22
DA:535,11
DA:536,11
DA:537,11
DA:538,22
DA:539,22
DA:540,22
DA:541,22
DA:542,22
DA:543,22
DA:544,22
DA:545,22
DA:546,22
DA:547,22
DA:550,0
DA:552,11
DA:553,11
DA:555,11
DA:556,11
DA:560,11
DA:561,11
DA:562,11
DA:565,11
DA:567,11
DA:568,11
DA:569,11
DA:570,11
DA:571,11
DA:572,11
DA:574,11
DA:579,11
DA:590,11
DA:602,11
DA:612,11
DA:619,11
DA:620,11
DA:621,11
LF:270
LH:258
BRDA:58,0,0,0
BRDA:58,1,0,11
BRDA:58,1,1,11
BRDA:61,2,0,10
BRDA:65,3,0,11
BRDA:89,4,0,0
BRDA:96,5,0,11
BRDA:96,5,1,0
BRDA:100,6,0,22
BRDA:100,6,1,22
BRDA:221,7,0,0
BRDA:221,7,1,55
BRDA:260,8,0,20
BRDA:260,8,1,20
BRDA:263,9,0,10
BRDA:263,9,1,10
BRDA:267,10,0,10
BRDA:311,11,0,0
BRDA:318,12,0,0
BRDA:318,12,1,22
BRDA:332,13,0,0
BRDA:332,13,1,22
BRDA:333,14,0,0
BRDA:333,14,1,0
BRDA:334,15,0,0
BRDA:334,15,1,0
BRDA:360,16,0,11
BRDA:360,16,1,11
BRDA:378,17,0,0
BRDA:383,18,0,0
BRDA:386,19,0,0
BRDA:386,19,1,22
BRDA:401,20,0,0
BRDA:401,20,1,22
BRDA:405,21,0,0
BRDA:405,21,1,0
BRDA:411,22,0,22
BRDA:430,23,0,0
BRDA:434,24,0,11
BRDA:434,24,1,0
BRDA:438,25,0,0
BRDA:438,25,1,11
BRDA:447,26,0,0
BRDA:452,27,0,11
BRDA:452,27,1,0
BRDA:452,28,0,11
BRDA:452,28,1,11
BRDA:456,29,0,0
BRDA:456,29,1,11
BRDA:467,30,0,0
BRDA:467,30,1,11
BRDA:467,31,0,11
BRDA:467,31,1,0
BRDA:467,32,0,0
BRDA:467,32,1,11
BRDA:478,33,0,0
BRDA:482,34,0,11
BRDA:482,34,1,0
BRDA:482,35,0,11
BRDA:482,35,1,11
BRDA:513,36,0,11
BRDA:513,36,1,0
BRDA:517,37,0,11
BRDA:517,37,1,0
BRDA:517,38,0,11
BRDA:517,38,1,11
BRDA:522,39,0,11
BRDA:522,39,1,11
BRDA:524,40,0,22
BRDA:531,41,0,11
BRDA:531,41,1,11
BRDA:533,42,0,11
BRDA:552,43,0,11
BRDA:565,44,0,0
BRF:74
BRH:43
end_of_record
TN:
SF:src/app/features/presentation/well-bore-view/wellbore-view.component.html
FNF:0
FNH:0
DA:1,1
LF:1
LH:1
BRF:0
BRH:0
end_of_record
TN:
SF:src/app/features/presentation/well-name-chips/well-name-chips.component.html
FNF:0
FNH:0
DA:1,1
LF:1
LH:1
BRF:0
BRH:0
end_of_record
TN:
SF:src/app/features/presentation/well-name-chips/well-name-chips.component.ts
FN:23,(anonymous_0)
FN:26,(anonymous_1)
FN:30,(anonymous_2)
FN:39,(anonymous_3)
FN:50,(anonymous_4)
FNF:5
FNH:4
FNDA:8,(anonymous_0)
FNDA:8,(anonymous_1)
FNDA:8,(anonymous_2)
FNDA:1,(anonymous_3)
FNDA:0,(anonymous_4)
DA:8,1
DA:9,1
DA:10,1
DA:11,1
DA:12,1
DA:13,1
DA:23,1
DA:24,8
DA:26,8
DA:27,8
DA:30,8
DA:31,8
DA:32,8
DA:40,1
DA:51,0
LF:15
LH:14
BRDA:32,0,0,8
BRDA:32,0,1,0
BRF:2
BRH:1
end_of_record
TN:
SF:src/app/features/presentation/wwell-test-result/wwell-test-result.component.html
FNF:0
FNH:0
DA:1,1
LF:1
LH:1
BRF:0
BRH:0
end_of_record
TN:
SF:src/app/features/presentation/wwell-test-result/wwell-test-result.component.ts
FN:31,(anonymous_0)
FN:37,(anonymous_1)
FN:42,(anonymous_2)
FNF:3
FNH:3
FNDA:8,(anonymous_0)
FNDA:4,(anonymous_1)
FNDA:1,(anonymous_2)
DA:1,1
DA:7,1
DA:8,1
DA:9,1
DA:10,1
DA:11,1
DA:12,1
DA:31,1
DA:32,8
DA:34,8
DA:35,8
DA:38,4
DA:39,4
DA:43,1
DA:44,1
LF:15
LH:15
BRF:0
BRH:0
end_of_record
TN:
SF:src/app/features/presentation/wwells-logs-indicators/wwells-logs-indicators.component.html
FNF:0
FNH:0
DA:1,1
LF:1
LH:1
BRF:0
BRH:0
end_of_record
TN:
SF:src/app/features/presentation/wwells-logs-indicators/wwells-logs-indicators.component.ts
FN:11,(anonymous_0)
FNF:1
FNH:1
FNDA:3,(anonymous_0)
DA:1,1
DA:2,1
DA:11,1
DA:12,3
LF:4
LH:4
BRF:0
BRH:0
end_of_record
TN:
SF:src/app/features/production/production.component.html
FNF:0
FNH:0
DA:1,1
LF:1
LH:1
BRF:0
BRH:0
end_of_record
TN:
SF:src/app/features/production/production.component.ts
FNF:0
FNH:0
DA:1,1
DA:10,1
LF:2
LH:2
BRF:0
BRH:0
end_of_record
TN:
SF:src/app/features/reports/reports.component.html
FNF:0
FNH:0
DA:1,1
LF:1
LH:1
BRF:0
BRH:0
end_of_record
TN:
SF:src/app/features/reports/reports.component.ts
FNF:0
FNH:0
DA:1,1
DA:10,1
LF:2
LH:2
BRF:0
BRH:0
end_of_record
TN:
SF:src/app/models/well-design/wellbore-diagram.model.ts
FN:79,animValue
FN:102,computeOverlayDelay
FNF:2
FNH:2
FNDA:35,animValue
FNDA:11,computeOverlayDelay
DA:39,2
DA:72,2
DA:77,2
DA:80,35
DA:81,35
DA:82,0
DA:86,2
DA:102,2
DA:105,11
DA:106,11
DA:109,2
LF:11
LH:10
BRDA:80,0,0,0
BRDA:81,1,0,35
BRF:2
BRH:1
end_of_record
TN:
SF:src/app/shared/components/global-loader/loader.service.ts
FN:4,(anonymous_0)
FN:6,(anonymous_1)
FN:8,(anonymous_2)
FN:8,(anonymous_3)
FN:9,(anonymous_4)
FN:9,(anonymous_5)
FNF:6
FNH:1
FNDA:1,(anonymous_0)
FNDA:0,(anonymous_1)
FNDA:0,(anonymous_2)
FNDA:0,(anonymous_3)
FNDA:0,(anonymous_4)
FNDA:0,(anonymous_5)
DA:1,1
DA:4,1
DA:5,1
DA:6,1
DA:8,0
DA:9,0
LF:6
LH:4
BRF:0
BRH:0
end_of_record
TN:
SF:src/app/utils/wellbore-math.util.ts
FN:4,createDepthScale
FN:11,buildDepthTicks
FN:19,sortCasingsByDepthDesc
FN:20,(anonymous_3)
FN:23,computeCasingHalfWidth
FN:31,buildCasingPath
FN:44,buildOpenHolePath
FN:55,buildArrowHeadRight
FN:63,buildArrowHeadLeft
FN:71,buildDepthArrow
FN:97,buildRectPath
FN:109,buildPackerTriangles
FN:126,buildSmallDownArrow
FN:140,buildGravelPackUPath
FN:157,formatDepth
FN:161,openHoleHalfWidth
FN:168,casingGradientId
FN:191,buildScreenHanger
FNF:18
FNH:11
FNDA:16,createDepthScale
FNDA:5,buildDepthTicks
FNDA:1,sortCasingsByDepthDesc
FNDA:0,(anonymous_3)
FNDA:88,computeCasingHalfWidth
FNDA:22,buildCasingPath
FNDA:22,buildOpenHolePath
FNDA:33,buildArrowHeadRight
FNDA:0,buildArrowHeadLeft
FNDA:0,buildDepthArrow
FNDA:0,buildRectPath
FNDA:0,buildPackerTriangles
FNDA:0,buildSmallDownArrow
FNDA:0,buildGravelPackUPath
FNDA:5,formatDepth
FNDA:44,openHoleHalfWidth
FNDA:22,casingGradientId
FNDA:11,buildScreenHanger
DA:1,11
DA:4,11
DA:8,16
DA:11,11
DA:12,5
DA:13,5
DA:14,17
DA:16,5
DA:19,11
DA:20,1
DA:23,11
DA:28,88
DA:31,11
DA:38,22
DA:39,22
DA:40,22
DA:41,22
DA:44,11
DA:50,22
DA:51,22
DA:52,22
DA:55,11
DA:60,33
DA:63,11
DA:68,0
DA:71,11
DA:78,0
DA:79,0
DA:80,0
DA:97,11
DA:103,0
DA:104,0
DA:105,0
DA:109,11
DA:116,0
DA:117,0
DA:119,0
DA:120,0
DA:122,0
DA:126,11
DA:132,0
DA:133,0
DA:140,11
DA:146,0
DA:147,0
DA:150,0
DA:157,11
DA:158,5
DA:161,11
DA:165,44
DA:168,11
DA:169,22
DA:170,11
DA:171,11
DA:191,11
DA:198,11
DA:199,11
DA:201,11
DA:202,11
DA:204,11
LF:60
LH:43
BRDA:11,0,0,0
BRDA:58,1,0,0
BRDA:66,2,0,0
BRDA:113,3,0,0
BRDA:114,4,0,0
BRDA:129,5,0,0
BRDA:130,6,0,0
BRDA:163,7,0,44
BRDA:169,8,0,11
BRDA:170,9,0,0
BRDA:195,10,0,11
BRDA:196,11,0,11
BRF:12
BRH:4
end_of_record
TN:
SF:src/services/morning-report.service.ts
FN:12,(anonymous_0)
FN:39,(anonymous_1)
FN:41,(anonymous_2)
FN:41,(anonymous_3)
FNF:4
FNH:0
FNDA:0,(anonymous_0)
FNDA:0,(anonymous_1)
FNDA:0,(anonymous_2)
FNDA:0,(anonymous_3)
DA:1,10
DA:2,10
DA:3,10
DA:12,10
DA:15,0
DA:40,0
DA:41,0
LF:7
LH:4
BRDA:43,0,0,0
BRDA:43,0,1,0
BRDA:44,1,0,0
BRDA:44,1,1,0
BRDA:45,2,0,0
BRDA:45,2,1,0
BRF:6
BRH:0
end_of_record
TN:
SF:src/services/well-data.service.ts
FN:11,(anonymous_0)
FN:15,(anonymous_1)
FN:28,(anonymous_2)
FN:36,(anonymous_3)
FN:37,(anonymous_4)
FN:42,(anonymous_5)
FN:54,(anonymous_6)
FN:62,(anonymous_7)
FN:64,(anonymous_8)
FN:64,(anonymous_9)
FNF:10
FNH:0
FNDA:0,(anonymous_0)
FNDA:0,(anonymous_1)
FNDA:0,(anonymous_2)
FNDA:0,(anonymous_3)
FNDA:0,(anonymous_4)
FNDA:0,(anonymous_5)
FNDA:0,(anonymous_6)
FNDA:0,(anonymous_7)
FNDA:0,(anonymous_8)
FNDA:0,(anonymous_9)
DA:1,10
DA:2,10
DA:3,10
DA:11,10
DA:12,0
DA:13,0
DA:16,0
DA:29,0
DA:30,0
DA:31,0
DA:33,0
DA:36,0
DA:39,0
DA:42,0
DA:55,0
DA:56,0
DA:57,0
DA:58,0
DA:63,0
DA:64,0
LF:20
LH:4
BRDA:29,0,0,0
BRDA:29,0,1,0
BRDA:66,1,0,0
BRDA:66,1,1,0
BRDA:67,2,0,0
BRDA:67,2,1,0
BRDA:68,3,0,0
BRDA:68,3,1,0
BRF:8
BRH:0
end_of_record
TN:
SF:src/utils/date.util.ts
FN:7,formatDateForInput
FN:23,parseDateFromInput
FN:37,formatDateDisplay
FN:55,getTodayAtMidnight
FN:67,isToday
FN:82,addDays
FNF:6
FNH:0
FNDA:0,formatDateForInput
FNDA:0,parseDateFromInput
FNDA:0,formatDateDisplay
FNDA:0,getTodayAtMidnight
FNDA:0,isToday
FNDA:0,addDays
DA:7,10
DA:8,0
DA:10,0
DA:11,0
DA:12,0
DA:14,0
DA:23,10
DA:24,0
DA:27,0
DA:28,0
DA:37,10
DA:38,0
DA:40,0
DA:46,0
DA:55,10
DA:56,0
DA:57,0
DA:58,0
DA:67,10
DA:68,0
DA:69,0
DA:70,0
DA:72,0
DA:82,10
DA:83,0
DA:84,0
DA:85,0
LF:27
LH:6
BRDA:8,0,0,0
BRDA:24,1,0,0
BRDA:38,2,0,0
BRF:3
BRH:0
end_of_record
